<?xml version="1.0" encoding="UTF-8"?>
<testsuite xmlns:xsi="http://www.w3.org/2001/XMLSchema-instance" xsi:noNamespaceSchemaLocation="https://maven.apache.org/surefire/maven-surefire-plugin/xsd/surefire-test-report-3.0.xsd" version="3.0" name="com.relay42.iot.sensor.data.controller.AuthenticationControllerTest" time="3.741" tests="2" errors="0" skipped="0" failures="0">
  <properties>
[...]
</properties>
  <testcase name="testLogin_Success" classname="com.relay42.iot.sensor.data.controller.AuthenticationControllerTest" time="0.096">
    <system-out><![CDATA[21:29:38.018 [main] INFO org.springframework.test.context.support.AnnotationConfigContextLoaderUtils -- Could not detect default configuration classes for test class [com.relay42.iot.sensor.data.controller.AuthenticationControllerTest]: AuthenticationControllerTest does not declare any static, non-private, non-final, nested classes annotated with @Configuration.
21:29:38.084 [main] INFO org.springframework.boot.test.context.SpringBootTestContextBootstrapper -- Found @SpringBootConfiguration com.relay42.iot.sensor.data.IoTSensorDataApplication for test class com.relay42.iot.sensor.data.controller.AuthenticationControllerTest

  .   ____          _            __ _ _
 /\\ / ___'_ __ _ _(_)_ __  __ _ \ \ \ \
( ( )\___ | '_ | '_| | '_ \/ _` | \ \ \ \
 \\/  ___)| |_)| | | | | || (_| |  ) ) ) )
  '  |____| .__|_| |_|_| |_\__, | / / / /
 =========|_|==============|___/=/_/_/_/

 :: Spring Boot ::                (v3.3.9)

2025-03-20T21:29:38.283+01:00  INFO 28294 --- [iot-sensor-data] [           main] c.r.i.s.d.c.AuthenticationControllerTest : Starting AuthenticationControllerTest using Java 21.0.6 with PID 28294 (started by naresh in /Users/naresh/personal/code/iot-sensor-data)
2025-03-20T21:29:38.284+01:00  INFO 28294 --- [iot-sensor-data] [           main] c.r.i.s.d.c.AuthenticationControllerTest : No active profile set, falling back to 1 default profile: "default"
2025-03-20T21:29:38.657+01:00  INFO 28294 --- [iot-sensor-data] [           main] .s.d.r.c.RepositoryConfigurationDelegate : Bootstrapping Spring Data JPA repositories in DEFAULT mode.
2025-03-20T21:29:38.693+01:00  INFO 28294 --- [iot-sensor-data] [           main] .s.d.r.c.RepositoryConfigurationDelegate : Finished Spring Data repository scanning in 32 ms. Found 2 JPA repository interfaces.
2025-03-20T21:29:38.955+01:00 DEBUG 28294 --- [iot-sensor-data] [           main] liquibase.servicelocator                 : Loaded liquibase.configuration.AutoloadedConfigurations instance liquibase.GlobalConfiguration
2025-03-20T21:29:38.957+01:00 DEBUG 28294 --- [iot-sensor-data] [           main] liquibase.servicelocator                 : Loaded liquibase.configuration.AutoloadedConfigurations instance liquibase.integration.commandline.LiquibaseCommandLineConfiguration
2025-03-20T21:29:38.957+01:00 DEBUG 28294 --- [iot-sensor-data] [           main] liquibase.servicelocator                 : Loaded liquibase.configuration.AutoloadedConfigurations instance liquibase.logging.core.DefaultLoggerConfiguration
2025-03-20T21:29:38.957+01:00 DEBUG 28294 --- [iot-sensor-data] [           main] liquibase.servicelocator                 : Loaded liquibase.configuration.AutoloadedConfigurations instance liquibase.sql.SqlConfiguration
2025-03-20T21:29:38.958+01:00 DEBUG 28294 --- [iot-sensor-data] [           main] liquibase.servicelocator                 : Loaded liquibase.configuration.AutoloadedConfigurations instance liquibase.parser.ChangeLogParserConfiguration
2025-03-20T21:29:38.958+01:00 DEBUG 28294 --- [iot-sensor-data] [           main] liquibase.configuration                  : Found ConfigurationDefinitions in liquibase.GlobalConfiguration
2025-03-20T21:29:38.958+01:00 DEBUG 28294 --- [iot-sensor-data] [           main] liquibase.configuration                  : Found ConfigurationDefinitions in liquibase.integration.commandline.LiquibaseCommandLineConfiguration
2025-03-20T21:29:38.958+01:00 DEBUG 28294 --- [iot-sensor-data] [           main] liquibase.configuration                  : Found ConfigurationDefinitions in liquibase.logging.core.DefaultLoggerConfiguration
2025-03-20T21:29:38.958+01:00 DEBUG 28294 --- [iot-sensor-data] [           main] liquibase.configuration                  : Found ConfigurationDefinitions in liquibase.sql.SqlConfiguration
2025-03-20T21:29:38.958+01:00 DEBUG 28294 --- [iot-sensor-data] [           main] liquibase.configuration                  : Found ConfigurationDefinitions in liquibase.parser.ChangeLogParserConfiguration
2025-03-20T21:29:38.959+01:00 DEBUG 28294 --- [iot-sensor-data] [           main] liquibase.servicelocator                 : Loaded liquibase.configuration.ConfigurationValueProvider instance liquibase.configuration.core.DeprecatedConfigurationValueProvider
2025-03-20T21:29:38.959+01:00 DEBUG 28294 --- [iot-sensor-data] [           main] liquibase.servicelocator                 : Loaded liquibase.configuration.ConfigurationValueProvider instance liquibase.configuration.core.SystemPropertyValueProvider
2025-03-20T21:29:38.959+01:00 DEBUG 28294 --- [iot-sensor-data] [           main] liquibase.servicelocator                 : Loaded liquibase.configuration.ConfigurationValueProvider instance liquibase.configuration.core.ScopeValueProvider
2025-03-20T21:29:38.959+01:00 DEBUG 28294 --- [iot-sensor-data] [           main] liquibase.servicelocator                 : Loaded liquibase.configuration.ConfigurationValueProvider instance liquibase.configuration.core.EnvironmentValueProvider
2025-03-20T21:29:38.961+01:00 DEBUG 28294 --- [iot-sensor-data] [           main] liquibase.servicelocator                 : Loaded liquibase.logging.LogService instance liquibase.logging.core.BufferedLogService
2025-03-20T21:29:38.961+01:00 DEBUG 28294 --- [iot-sensor-data] [           main] liquibase.servicelocator                 : Loaded liquibase.logging.LogService instance liquibase.logging.core.CompositeLogService
2025-03-20T21:29:38.961+01:00 DEBUG 28294 --- [iot-sensor-data] [           main] liquibase.servicelocator                 : Loaded liquibase.logging.LogService instance liquibase.logging.core.JavaLogService
2025-03-20T21:29:38.962+01:00 DEBUG 28294 --- [iot-sensor-data] [           main] liquibase.servicelocator                 : Loaded liquibase.servicelocator.ServiceLocator instance liquibase.servicelocator.StandardServiceLocator
2025-03-20T21:29:38.967+01:00 DEBUG 28294 --- [iot-sensor-data] [           main] liquibase.configuration                  : No configuration value for liquibase.shouldRun aka should.run found
2025-03-20T21:29:38.967+01:00 DEBUG 28294 --- [iot-sensor-data] [           main] liquibase.configuration                  : Configuration liquibase.shouldRun is using the default value of true
2025-03-20T21:29:38.968+01:00  INFO 28294 --- [iot-sensor-data] [           main] com.zaxxer.hikari.HikariDataSource       : HikariPool-1 - Starting...
2025-03-20T21:29:39.184+01:00  INFO 28294 --- [iot-sensor-data] [           main] com.zaxxer.hikari.pool.HikariPool        : HikariPool-1 - Added connection com.mysql.cj.jdbc.ConnectionImpl@304e1e4e
2025-03-20T21:29:39.185+01:00  INFO 28294 --- [iot-sensor-data] [           main] com.zaxxer.hikari.HikariDataSource       : HikariPool-1 - Start completed.
2025-03-20T21:29:39.190+01:00 DEBUG 28294 --- [iot-sensor-data] [           main] liquibase.servicelocator                 : Loaded liquibase.database.jvm.ConnectionPatterns instance liquibase.database.jvm.JdbcConnectionPatterns
2025-03-20T21:29:39.196+01:00 DEBUG 28294 --- [iot-sensor-data] [           main] liquibase.servicelocator                 : Loaded liquibase.database.Database instance liquibase.database.core.CockroachDatabase
2025-03-20T21:29:39.197+01:00 DEBUG 28294 --- [iot-sensor-data] [           main] liquibase.servicelocator                 : Loaded liquibase.database.Database instance liquibase.database.core.DB2Database
2025-03-20T21:29:39.197+01:00 DEBUG 28294 --- [iot-sensor-data] [           main] liquibase.servicelocator                 : Loaded liquibase.database.Database instance liquibase.database.core.Db2zDatabase
2025-03-20T21:29:39.198+01:00 DEBUG 28294 --- [iot-sensor-data] [           main] liquibase.servicelocator                 : Loaded liquibase.database.Database instance liquibase.database.core.DerbyDatabase
2025-03-20T21:29:39.198+01:00 DEBUG 28294 --- [iot-sensor-data] [           main] liquibase.servicelocator                 : Loaded liquibase.database.Database instance liquibase.database.core.EnterpriseDBDatabase
2025-03-20T21:29:39.198+01:00 DEBUG 28294 --- [iot-sensor-data] [           main] liquibase.servicelocator                 : Loaded liquibase.database.Database instance liquibase.database.core.FirebirdDatabase
2025-03-20T21:29:39.199+01:00 DEBUG 28294 --- [iot-sensor-data] [           main] liquibase.servicelocator                 : Loaded liquibase.database.Database instance liquibase.database.core.H2Database
2025-03-20T21:29:39.200+01:00 DEBUG 28294 --- [iot-sensor-data] [           main] liquibase.servicelocator                 : Loaded liquibase.database.Database instance liquibase.database.core.HsqlDatabase
2025-03-20T21:29:39.200+01:00 DEBUG 28294 --- [iot-sensor-data] [           main] liquibase.servicelocator                 : Loaded liquibase.database.Database instance liquibase.database.core.InformixDatabase
2025-03-20T21:29:39.201+01:00 DEBUG 28294 --- [iot-sensor-data] [           main] liquibase.servicelocator                 : Loaded liquibase.database.Database instance liquibase.database.core.Ingres9Database
2025-03-20T21:29:39.201+01:00 DEBUG 28294 --- [iot-sensor-data] [           main] liquibase.servicelocator                 : Loaded liquibase.database.Database instance liquibase.database.core.MSSQLDatabase
2025-03-20T21:29:39.202+01:00 DEBUG 28294 --- [iot-sensor-data] [           main] liquibase.servicelocator                 : Loaded liquibase.database.Database instance liquibase.database.core.MariaDBDatabase
2025-03-20T21:29:39.203+01:00 DEBUG 28294 --- [iot-sensor-data] [           main] liquibase.servicelocator                 : Loaded liquibase.database.Database instance liquibase.database.core.MockDatabase
2025-03-20T21:29:39.203+01:00 DEBUG 28294 --- [iot-sensor-data] [           main] liquibase.servicelocator                 : Loaded liquibase.database.Database instance liquibase.database.core.MySQLDatabase
2025-03-20T21:29:39.204+01:00 DEBUG 28294 --- [iot-sensor-data] [           main] liquibase.servicelocator                 : Loaded liquibase.database.Database instance liquibase.database.core.OracleDatabase
2025-03-20T21:29:39.204+01:00 DEBUG 28294 --- [iot-sensor-data] [           main] liquibase.servicelocator                 : Loaded liquibase.database.Database instance liquibase.database.core.PostgresDatabase
2025-03-20T21:29:39.204+01:00 DEBUG 28294 --- [iot-sensor-data] [           main] liquibase.servicelocator                 : Loaded liquibase.database.Database instance liquibase.database.core.SQLiteDatabase
2025-03-20T21:29:39.205+01:00 DEBUG 28294 --- [iot-sensor-data] [           main] liquibase.servicelocator                 : Loaded liquibase.database.Database instance liquibase.database.core.SybaseASADatabase
2025-03-20T21:29:39.205+01:00 DEBUG 28294 --- [iot-sensor-data] [           main] liquibase.servicelocator                 : Loaded liquibase.database.Database instance liquibase.database.core.SybaseDatabase
2025-03-20T21:29:39.205+01:00 DEBUG 28294 --- [iot-sensor-data] [           main] liquibase.servicelocator                 : Loaded liquibase.database.Database instance liquibase.database.core.UnsupportedDatabase
2025-03-20T21:29:39.206+01:00 DEBUG 28294 --- [iot-sensor-data] [           main] liquibase.servicelocator                 : Loaded liquibase.database.Database instance liquibase.database.core.SnowflakeDatabase
2025-03-20T21:29:39.215+01:00 DEBUG 28294 --- [iot-sensor-data] [           main] liquibase.database                       : Connected to root@192.168.127.1@jdbc:mysql://localhost:3307/SensorReading
2025-03-20T21:29:39.215+01:00 DEBUG 28294 --- [iot-sensor-data] [           main] liquibase.database                       : Setting auto commit to false from true
2025-03-20T21:29:39.229+01:00 DEBUG 28294 --- [iot-sensor-data] [           main] liquibase.configuration                  : No configuration value for liquibase.liquibaseSchemaName aka liquibase.schemaName found
2025-03-20T21:29:39.230+01:00 DEBUG 28294 --- [iot-sensor-data] [           main] liquibase.configuration                  : No configuration value for liquibase.supportPropertyEscaping aka enableEscaping found
2025-03-20T21:29:39.230+01:00 DEBUG 28294 --- [iot-sensor-data] [           main] liquibase.configuration                  : Configuration liquibase.supportPropertyEscaping is using the default value of false
2025-03-20T21:29:39.246+01:00 DEBUG 28294 --- [iot-sensor-data] [           main] liquibase.servicelocator                 : Loaded liquibase.command.CommandStep instance liquibase.command.core.CalculateChecksumCommandStep
2025-03-20T21:29:39.246+01:00 DEBUG 28294 --- [iot-sensor-data] [           main] liquibase.servicelocator                 : Loaded liquibase.command.CommandStep instance liquibase.command.core.ChangelogSyncCommandStep
2025-03-20T21:29:39.247+01:00 DEBUG 28294 --- [iot-sensor-data] [           main] liquibase.servicelocator                 : Loaded liquibase.command.CommandStep instance liquibase.command.core.ChangelogSyncSqlCommandStep
2025-03-20T21:29:39.247+01:00 DEBUG 28294 --- [iot-sensor-data] [           main] liquibase.servicelocator                 : Loaded liquibase.command.CommandStep instance liquibase.command.core.ChangelogSyncToTagCommandStep
2025-03-20T21:29:39.247+01:00 DEBUG 28294 --- [iot-sensor-data] [           main] liquibase.servicelocator                 : Loaded liquibase.command.CommandStep instance liquibase.command.core.ChangelogSyncToTagSqlCommandStep
2025-03-20T21:29:39.247+01:00 DEBUG 28294 --- [iot-sensor-data] [           main] liquibase.servicelocator                 : Loaded liquibase.command.CommandStep instance liquibase.command.core.ClearChecksumsCommandStep
2025-03-20T21:29:39.248+01:00 DEBUG 28294 --- [iot-sensor-data] [           main] liquibase.servicelocator                 : Loaded liquibase.command.CommandStep instance liquibase.command.core.DbDocCommandStep
2025-03-20T21:29:39.252+01:00 DEBUG 28294 --- [iot-sensor-data] [           main] liquibase.servicelocator                 : Loaded liquibase.change.Change instance liquibase.change.core.AddAutoIncrementChange
2025-03-20T21:29:39.252+01:00 DEBUG 28294 --- [iot-sensor-data] [           main] liquibase.servicelocator                 : Loaded liquibase.change.Change instance liquibase.change.core.AddColumnChange
2025-03-20T21:29:39.253+01:00 DEBUG 28294 --- [iot-sensor-data] [           main] liquibase.servicelocator                 : Loaded liquibase.change.Change instance liquibase.change.core.AddDefaultValueChange
2025-03-20T21:29:39.253+01:00 DEBUG 28294 --- [iot-sensor-data] [           main] liquibase.servicelocator                 : Loaded liquibase.change.Change instance liquibase.change.core.AddForeignKeyConstraintChange
2025-03-20T21:29:39.253+01:00 DEBUG 28294 --- [iot-sensor-data] [           main] liquibase.servicelocator                 : Loaded liquibase.change.Change instance liquibase.change.core.AddLookupTableChange
2025-03-20T21:29:39.254+01:00 DEBUG 28294 --- [iot-sensor-data] [           main] liquibase.servicelocator                 : Loaded liquibase.change.Change instance liquibase.change.core.AddNotNullConstraintChange
2025-03-20T21:29:39.254+01:00 DEBUG 28294 --- [iot-sensor-data] [           main] liquibase.servicelocator                 : Loaded liquibase.change.Change instance liquibase.change.core.AddPrimaryKeyChange
2025-03-20T21:29:39.254+01:00 DEBUG 28294 --- [iot-sensor-data] [           main] liquibase.servicelocator                 : Loaded liquibase.change.Change instance liquibase.change.core.AddUniqueConstraintChange
2025-03-20T21:29:39.255+01:00 DEBUG 28294 --- [iot-sensor-data] [           main] liquibase.servicelocator                 : Loaded liquibase.change.Change instance liquibase.change.core.AlterSequenceChange
2025-03-20T21:29:39.255+01:00 DEBUG 28294 --- [iot-sensor-data] [           main] liquibase.servicelocator                 : Loaded liquibase.change.Change instance liquibase.change.core.CreateIndexChange
2025-03-20T21:29:39.256+01:00 DEBUG 28294 --- [iot-sensor-data] [           main] liquibase.servicelocator                 : Loaded liquibase.change.Change instance liquibase.change.core.CreateProcedureChange
2025-03-20T21:29:39.256+01:00 DEBUG 28294 --- [iot-sensor-data] [           main] liquibase.servicelocator                 : Loaded liquibase.change.Change instance liquibase.change.core.CreateSequenceChange
2025-03-20T21:29:39.256+01:00 DEBUG 28294 --- [iot-sensor-data] [           main] liquibase.servicelocator                 : Loaded liquibase.change.Change instance liquibase.change.core.CreateTableChange
2025-03-20T21:29:39.257+01:00 DEBUG 28294 --- [iot-sensor-data] [           main] liquibase.servicelocator                 : Loaded liquibase.change.Change instance liquibase.change.core.CreateViewChange
2025-03-20T21:29:39.257+01:00 DEBUG 28294 --- [iot-sensor-data] [           main] liquibase.servicelocator                 : Loaded liquibase.change.Change instance liquibase.change.core.DeleteDataChange
2025-03-20T21:29:39.257+01:00 DEBUG 28294 --- [iot-sensor-data] [           main] liquibase.servicelocator                 : Loaded liquibase.change.Change instance liquibase.change.core.DropAllForeignKeyConstraintsChange
2025-03-20T21:29:39.258+01:00 DEBUG 28294 --- [iot-sensor-data] [           main] liquibase.servicelocator                 : Loaded liquibase.change.Change instance liquibase.change.core.DropColumnChange
2025-03-20T21:29:39.258+01:00 DEBUG 28294 --- [iot-sensor-data] [           main] liquibase.servicelocator                 : Loaded liquibase.change.Change instance liquibase.change.core.DropDefaultValueChange
2025-03-20T21:29:39.258+01:00 DEBUG 28294 --- [iot-sensor-data] [           main] liquibase.servicelocator                 : Loaded liquibase.change.Change instance liquibase.change.core.DropForeignKeyConstraintChange
2025-03-20T21:29:39.258+01:00 DEBUG 28294 --- [iot-sensor-data] [           main] liquibase.servicelocator                 : Loaded liquibase.change.Change instance liquibase.change.core.DropIndexChange
2025-03-20T21:29:39.258+01:00 DEBUG 28294 --- [iot-sensor-data] [           main] liquibase.servicelocator                 : Loaded liquibase.change.Change instance liquibase.change.core.DropNotNullConstraintChange
2025-03-20T21:29:39.259+01:00 DEBUG 28294 --- [iot-sensor-data] [           main] liquibase.servicelocator                 : Loaded liquibase.change.Change instance liquibase.change.core.DropPrimaryKeyChange
2025-03-20T21:29:39.259+01:00 DEBUG 28294 --- [iot-sensor-data] [           main] liquibase.servicelocator                 : Loaded liquibase.change.Change instance liquibase.change.core.DropProcedureChange
2025-03-20T21:29:39.259+01:00 DEBUG 28294 --- [iot-sensor-data] [           main] liquibase.servicelocator                 : Loaded liquibase.change.Change instance liquibase.change.core.DropSequenceChange
2025-03-20T21:29:39.259+01:00 DEBUG 28294 --- [iot-sensor-data] [           main] liquibase.servicelocator                 : Loaded liquibase.change.Change instance liquibase.change.core.DropTableChange
2025-03-20T21:29:39.259+01:00 DEBUG 28294 --- [iot-sensor-data] [           main] liquibase.servicelocator                 : Loaded liquibase.change.Change instance liquibase.change.core.DropUniqueConstraintChange
2025-03-20T21:29:39.259+01:00 DEBUG 28294 --- [iot-sensor-data] [           main] liquibase.servicelocator                 : Loaded liquibase.change.Change instance liquibase.change.core.DropViewChange
2025-03-20T21:29:39.260+01:00 DEBUG 28294 --- [iot-sensor-data] [           main] liquibase.servicelocator                 : Loaded liquibase.change.Change instance liquibase.change.core.EmptyChange
2025-03-20T21:29:39.260+01:00 DEBUG 28294 --- [iot-sensor-data] [           main] liquibase.servicelocator                 : Loaded liquibase.change.Change instance liquibase.change.core.ExecuteShellCommandChange
2025-03-20T21:29:39.260+01:00 DEBUG 28294 --- [iot-sensor-data] [           main] liquibase.servicelocator                 : Loaded liquibase.change.Change instance liquibase.change.core.InsertDataChange
2025-03-20T21:29:39.263+01:00 DEBUG 28294 --- [iot-sensor-data] [           main] liquibase.servicelocator                 : Loaded liquibase.change.Change instance liquibase.change.core.LoadDataChange
2025-03-20T21:29:39.264+01:00 DEBUG 28294 --- [iot-sensor-data] [           main] liquibase.servicelocator                 : Loaded liquibase.change.Change instance liquibase.change.core.LoadUpdateDataChange
2025-03-20T21:29:39.265+01:00 DEBUG 28294 --- [iot-sensor-data] [           main] liquibase.servicelocator                 : Loaded liquibase.change.Change instance liquibase.change.core.MergeColumnChange
2025-03-20T21:29:39.265+01:00 DEBUG 28294 --- [iot-sensor-data] [           main] liquibase.servicelocator                 : Loaded liquibase.change.Change instance liquibase.change.core.ModifyDataTypeChange
2025-03-20T21:29:39.265+01:00 DEBUG 28294 --- [iot-sensor-data] [           main] liquibase.servicelocator                 : Loaded liquibase.change.Change instance liquibase.change.core.OutputChange
2025-03-20T21:29:39.265+01:00 DEBUG 28294 --- [iot-sensor-data] [           main] liquibase.servicelocator                 : Loaded liquibase.change.Change instance liquibase.change.core.RawSQLChange
2025-03-20T21:29:39.266+01:00 DEBUG 28294 --- [iot-sensor-data] [           main] liquibase.servicelocator                 : Loaded liquibase.change.Change instance liquibase.change.core.RenameColumnChange
2025-03-20T21:29:39.266+01:00 DEBUG 28294 --- [iot-sensor-data] [           main] liquibase.servicelocator                 : Loaded liquibase.change.Change instance liquibase.change.core.RenameSequenceChange
2025-03-20T21:29:39.266+01:00 DEBUG 28294 --- [iot-sensor-data] [           main] liquibase.servicelocator                 : Loaded liquibase.change.Change instance liquibase.change.core.RenameTableChange
2025-03-20T21:29:39.266+01:00 DEBUG 28294 --- [iot-sensor-data] [           main] liquibase.servicelocator                 : Loaded liquibase.change.Change instance liquibase.change.core.RenameViewChange
2025-03-20T21:29:39.266+01:00 DEBUG 28294 --- [iot-sensor-data] [           main] liquibase.servicelocator                 : Loaded liquibase.change.Change instance liquibase.change.core.SQLFileChange
2025-03-20T21:29:39.266+01:00 DEBUG 28294 --- [iot-sensor-data] [           main] liquibase.servicelocator                 : Loaded liquibase.change.Change instance liquibase.change.core.SetColumnRemarksChange
2025-03-20T21:29:39.267+01:00 DEBUG 28294 --- [iot-sensor-data] [           main] liquibase.servicelocator                 : Loaded liquibase.change.Change instance liquibase.change.core.SetTableRemarksChange
2025-03-20T21:29:39.267+01:00 DEBUG 28294 --- [iot-sensor-data] [           main] liquibase.servicelocator                 : Loaded liquibase.change.Change instance liquibase.change.core.StopChange
2025-03-20T21:29:39.267+01:00 DEBUG 28294 --- [iot-sensor-data] [           main] liquibase.servicelocator                 : Loaded liquibase.change.Change instance liquibase.change.core.TagDatabaseChange
2025-03-20T21:29:39.267+01:00 DEBUG 28294 --- [iot-sensor-data] [           main] liquibase.servicelocator                 : Loaded liquibase.change.Change instance liquibase.change.core.UpdateDataChange
2025-03-20T21:29:39.267+01:00 DEBUG 28294 --- [iot-sensor-data] [           main] liquibase.servicelocator                 : Loaded liquibase.change.Change instance liquibase.change.custom.CustomChangeWrapper
2025-03-20T21:29:39.314+01:00 DEBUG 28294 --- [iot-sensor-data] [           main] liquibase.servicelocator                 : Loaded liquibase.command.CommandStep instance liquibase.command.core.DiffChangelogCommandStep
2025-03-20T21:29:39.315+01:00 DEBUG 28294 --- [iot-sensor-data] [           main] liquibase.servicelocator                 : Loaded liquibase.command.CommandStep instance liquibase.command.core.DiffCommandStep
2025-03-20T21:29:39.317+01:00 DEBUG 28294 --- [iot-sensor-data] [           main] liquibase.servicelocator                 : Loaded liquibase.command.CommandStep instance liquibase.command.core.DropAllCommandStep
2025-03-20T21:29:39.317+01:00 DEBUG 28294 --- [iot-sensor-data] [           main] liquibase.servicelocator                 : Loaded liquibase.command.CommandStep instance liquibase.command.core.ExecuteSqlCommandStep
2025-03-20T21:29:39.318+01:00 DEBUG 28294 --- [iot-sensor-data] [           main] liquibase.servicelocator                 : Loaded liquibase.command.CommandStep instance liquibase.command.core.FutureRollbackCountSqlCommandStep
2025-03-20T21:29:39.318+01:00 DEBUG 28294 --- [iot-sensor-data] [           main] liquibase.servicelocator                 : Loaded liquibase.command.CommandStep instance liquibase.command.core.FutureRollbackFromTagSqlCommandStep
2025-03-20T21:29:39.319+01:00 DEBUG 28294 --- [iot-sensor-data] [           main] liquibase.servicelocator                 : Loaded liquibase.command.CommandStep instance liquibase.command.core.FutureRollbackSqlCommandStep
2025-03-20T21:29:39.320+01:00 DEBUG 28294 --- [iot-sensor-data] [           main] liquibase.servicelocator                 : Loaded liquibase.command.CommandStep instance liquibase.command.core.GenerateChangelogCommandStep
2025-03-20T21:29:39.320+01:00 DEBUG 28294 --- [iot-sensor-data] [           main] liquibase.servicelocator                 : Loaded liquibase.command.CommandStep instance liquibase.command.core.HistoryCommandStep
2025-03-20T21:29:39.321+01:00 DEBUG 28294 --- [iot-sensor-data] [           main] liquibase.servicelocator                 : Loaded liquibase.command.CommandStep instance liquibase.command.core.InternalHistoryCommandStep
2025-03-20T21:29:39.322+01:00 DEBUG 28294 --- [iot-sensor-data] [           main] liquibase.servicelocator                 : Loaded liquibase.command.CommandStep instance liquibase.command.core.InternalSnapshotCommandStep
2025-03-20T21:29:39.322+01:00 DEBUG 28294 --- [iot-sensor-data] [           main] liquibase.servicelocator                 : Loaded liquibase.command.CommandStep instance liquibase.command.core.ListLocksCommandStep
2025-03-20T21:29:39.322+01:00 DEBUG 28294 --- [iot-sensor-data] [           main] liquibase.servicelocator                 : Loaded liquibase.command.CommandStep instance liquibase.command.core.MarkNextChangesetRanCommandStep
2025-03-20T21:29:39.323+01:00 DEBUG 28294 --- [iot-sensor-data] [           main] liquibase.servicelocator                 : Loaded liquibase.command.CommandStep instance liquibase.command.core.MarkNextChangesetRanSqlCommandStep
2025-03-20T21:29:39.323+01:00 DEBUG 28294 --- [iot-sensor-data] [           main] liquibase.servicelocator                 : Loaded liquibase.command.CommandStep instance liquibase.command.core.ReleaseLocksCommandStep
2025-03-20T21:29:39.324+01:00 DEBUG 28294 --- [iot-sensor-data] [           main] liquibase.servicelocator                 : Loaded liquibase.command.CommandStep instance liquibase.command.core.RollbackCommandStep
2025-03-20T21:29:39.325+01:00 DEBUG 28294 --- [iot-sensor-data] [           main] liquibase.servicelocator                 : Loaded liquibase.command.CommandStep instance liquibase.command.core.RollbackCountCommandStep
2025-03-20T21:29:39.325+01:00 DEBUG 28294 --- [iot-sensor-data] [           main] liquibase.servicelocator                 : Loaded liquibase.command.CommandStep instance liquibase.command.core.RollbackCountSqlCommandStep
2025-03-20T21:29:39.326+01:00 DEBUG 28294 --- [iot-sensor-data] [           main] liquibase.servicelocator                 : Loaded liquibase.command.CommandStep instance liquibase.command.core.RollbackSqlCommandStep
2025-03-20T21:29:39.326+01:00 DEBUG 28294 --- [iot-sensor-data] [           main] liquibase.servicelocator                 : Loaded liquibase.command.CommandStep instance liquibase.command.core.RollbackToDateCommandStep
2025-03-20T21:29:39.326+01:00 DEBUG 28294 --- [iot-sensor-data] [           main] liquibase.servicelocator                 : Loaded liquibase.command.CommandStep instance liquibase.command.core.RollbackToDateSqlCommandStep
2025-03-20T21:29:39.327+01:00 DEBUG 28294 --- [iot-sensor-data] [           main] liquibase.servicelocator                 : Loaded liquibase.command.CommandStep instance liquibase.command.core.SnapshotCommandStep
2025-03-20T21:29:39.329+01:00 DEBUG 28294 --- [iot-sensor-data] [           main] liquibase.servicelocator                 : Loaded liquibase.command.CommandStep instance liquibase.command.core.SnapshotReferenceCommandStep
2025-03-20T21:29:39.332+01:00 DEBUG 28294 --- [iot-sensor-data] [           main] liquibase.servicelocator                 : Loaded liquibase.command.CommandStep instance liquibase.command.core.StartH2CommandStep
2025-03-20T21:29:39.336+01:00 DEBUG 28294 --- [iot-sensor-data] [           main] liquibase.servicelocator                 : Loaded liquibase.command.CommandStep instance liquibase.command.core.StatusCommandStep
2025-03-20T21:29:39.336+01:00 DEBUG 28294 --- [iot-sensor-data] [           main] liquibase.servicelocator                 : Loaded liquibase.command.CommandStep instance liquibase.command.core.TagCommandStep
2025-03-20T21:29:39.336+01:00 DEBUG 28294 --- [iot-sensor-data] [           main] liquibase.servicelocator                 : Loaded liquibase.command.CommandStep instance liquibase.command.core.TagExistsCommandStep
2025-03-20T21:29:39.337+01:00 DEBUG 28294 --- [iot-sensor-data] [           main] liquibase.servicelocator                 : Loaded liquibase.command.CommandStep instance liquibase.command.core.UnexpectedChangesetsCommandStep
2025-03-20T21:29:39.337+01:00 DEBUG 28294 --- [iot-sensor-data] [           main] liquibase.servicelocator                 : Loaded liquibase.command.CommandStep instance liquibase.command.core.UpdateCommandStep
2025-03-20T21:29:39.337+01:00 DEBUG 28294 --- [iot-sensor-data] [           main] liquibase.servicelocator                 : Loaded liquibase.command.CommandStep instance liquibase.command.core.UpdateCountCommandStep
2025-03-20T21:29:39.338+01:00 DEBUG 28294 --- [iot-sensor-data] [           main] liquibase.servicelocator                 : Loaded liquibase.command.CommandStep instance liquibase.command.core.UpdateCountSqlCommandStep
2025-03-20T21:29:39.338+01:00 DEBUG 28294 --- [iot-sensor-data] [           main] liquibase.servicelocator                 : Loaded liquibase.command.CommandStep instance liquibase.command.core.UpdateSqlCommandStep
2025-03-20T21:29:39.338+01:00 DEBUG 28294 --- [iot-sensor-data] [           main] liquibase.servicelocator                 : Loaded liquibase.command.CommandStep instance liquibase.command.core.UpdateTestingRollbackCommandStep
2025-03-20T21:29:39.338+01:00 DEBUG 28294 --- [iot-sensor-data] [           main] liquibase.servicelocator                 : Loaded liquibase.command.CommandStep instance liquibase.command.core.UpdateToTagCommandStep
2025-03-20T21:29:39.338+01:00 DEBUG 28294 --- [iot-sensor-data] [           main] liquibase.servicelocator                 : Loaded liquibase.command.CommandStep instance liquibase.command.core.UpdateToTagSqlCommandStep
2025-03-20T21:29:39.339+01:00 DEBUG 28294 --- [iot-sensor-data] [           main] liquibase.servicelocator                 : Loaded liquibase.command.CommandStep instance liquibase.command.core.ValidateCommandStep
2025-03-20T21:29:39.339+01:00 DEBUG 28294 --- [iot-sensor-data] [           main] liquibase.servicelocator                 : Loaded liquibase.command.CommandStep instance liquibase.command.core.helpers.ChangeExecListenerCommandStep
2025-03-20T21:29:39.340+01:00 DEBUG 28294 --- [iot-sensor-data] [           main] liquibase.servicelocator                 : Loaded liquibase.command.CommandStep instance liquibase.command.core.helpers.DatabaseChangelogCommandStep
2025-03-20T21:29:39.346+01:00 DEBUG 28294 --- [iot-sensor-data] [           main] liquibase.servicelocator                 : Loaded liquibase.command.CommandStep instance liquibase.command.core.helpers.DbUrlConnectionArgumentsCommandStep
2025-03-20T21:29:39.350+01:00 DEBUG 28294 --- [iot-sensor-data] [           main] liquibase.servicelocator                 : Loaded liquibase.command.CommandStep instance liquibase.command.core.helpers.DbUrlConnectionCommandStep
2025-03-20T21:29:39.353+01:00 DEBUG 28294 --- [iot-sensor-data] [           main] liquibase.servicelocator                 : Loaded liquibase.command.CommandStep instance liquibase.command.core.helpers.DiffOutputControlCommandStep
2025-03-20T21:29:39.354+01:00 DEBUG 28294 --- [iot-sensor-data] [           main] liquibase.servicelocator                 : Loaded liquibase.command.CommandStep instance liquibase.command.core.helpers.LockServiceCommandStep
2025-03-20T21:29:39.355+01:00 DEBUG 28294 --- [iot-sensor-data] [           main] liquibase.servicelocator                 : Loaded liquibase.command.CommandStep instance liquibase.command.core.helpers.OutputWriterCommandStep
2025-03-20T21:29:39.356+01:00 DEBUG 28294 --- [iot-sensor-data] [           main] liquibase.servicelocator                 : Loaded liquibase.command.CommandStep instance liquibase.command.core.helpers.PreCompareCommandStep
2025-03-20T21:29:39.356+01:00 DEBUG 28294 --- [iot-sensor-data] [           main] liquibase.servicelocator                 : Loaded liquibase.command.CommandStep instance liquibase.command.core.helpers.ReferenceDatabaseOutputWriterCommandStep
2025-03-20T21:29:39.357+01:00 DEBUG 28294 --- [iot-sensor-data] [           main] liquibase.servicelocator                 : Loaded liquibase.command.CommandStep instance liquibase.command.core.helpers.ReferenceDbUrlConnectionCommandStep
2025-03-20T21:29:39.358+01:00 DEBUG 28294 --- [iot-sensor-data] [           main] liquibase.servicelocator                 : Loaded liquibase.command.CommandStep instance liquibase.command.core.helpers.ShowSummaryArgument
2025-03-20T21:29:39.366+01:00 DEBUG 28294 --- [iot-sensor-data] [           main] liquibase.servicelocator                 : Loaded liquibase.logging.mdc.MdcManager instance liquibase.logging.mdc.NoOpMdcManager
2025-03-20T21:29:39.367+01:00 DEBUG 28294 --- [iot-sensor-data] [           main] liquibase.configuration                  : No configuration value for liquibase.strict found
2025-03-20T21:29:39.367+01:00 DEBUG 28294 --- [iot-sensor-data] [           main] liquibase.configuration                  : Configuration liquibase.strict is using the default value of false
2025-03-20T21:29:39.372+01:00 DEBUG 28294 --- [iot-sensor-data] [           main] liquibase.configuration                  : No configuration value for liquibase.command.update.changeExecListener found
2025-03-20T21:29:39.372+01:00 DEBUG 28294 --- [iot-sensor-data] [           main] liquibase.configuration                  : No configuration value for liquibase.command.changeExecListener found
2025-03-20T21:29:39.373+01:00 DEBUG 28294 --- [iot-sensor-data] [           main] liquibase.configuration                  : No configuration value for liquibase.command.update.changeExecListenerClass found
2025-03-20T21:29:39.373+01:00 DEBUG 28294 --- [iot-sensor-data] [           main] liquibase.configuration                  : No configuration value for liquibase.command.changeExecListenerClass found
2025-03-20T21:29:39.373+01:00 DEBUG 28294 --- [iot-sensor-data] [           main] liquibase.configuration                  : No configuration value for liquibase.command.update.changeExecListenerPropertiesFile found
2025-03-20T21:29:39.374+01:00 DEBUG 28294 --- [iot-sensor-data] [           main] liquibase.configuration                  : No configuration value for liquibase.command.changeExecListenerPropertiesFile found
2025-03-20T21:29:39.374+01:00 DEBUG 28294 --- [iot-sensor-data] [           main] liquibase.configuration                  : Found 'liquibase.command.update.changelogFile' configuration of 'classpath:liquibase/changelog-master.xml'
    command argument 'changelogFile' of 'classpath:liquibase/changelog-master.xml'
2025-03-20T21:29:39.374+01:00 DEBUG 28294 --- [iot-sensor-data] [           main] liquibase.configuration                  : Found 'liquibase.command.update.changelogParameters' configuration of 'liquibase.changelog.ChangeLogParameters@241abc2'
    command argument 'changelogParameters' of 'liquibase.changelog.ChangeLogParameters@241abc2'
2025-03-20T21:29:39.374+01:00 DEBUG 28294 --- [iot-sensor-data] [           main] liquibase.configuration                  : No configuration value for liquibase.command.update.contextFilter aka liquibase.command.update.contexts found
2025-03-20T21:29:39.375+01:00 DEBUG 28294 --- [iot-sensor-data] [           main] liquibase.configuration                  : No configuration value for liquibase.command.contextFilter aka liquibase.command.contexts found
2025-03-20T21:29:39.377+01:00 DEBUG 28294 --- [iot-sensor-data] [           main] liquibase.configuration                  : Found 'liquibase.command.update.database' configuration of 'root@192.168.127.1 @ jdbc:mysql://localhost:3307/SensorReading (Default Schema: SensorReading)'
    command argument 'database' of 'root@192.168.127.1 @ jdbc:mysql://localhost:3307/SensorReading (Default Schema: SensorReading)'
2025-03-20T21:29:39.377+01:00 DEBUG 28294 --- [iot-sensor-data] [           main] liquibase.configuration                  : No configuration value for liquibase.command.update.databaseChangelog found
2025-03-20T21:29:39.378+01:00 DEBUG 28294 --- [iot-sensor-data] [           main] liquibase.configuration                  : No configuration value for liquibase.command.databaseChangelog found
2025-03-20T21:29:39.378+01:00 DEBUG 28294 --- [iot-sensor-data] [           main] liquibase.configuration                  : No configuration value for liquibase.command.update.defaultCatalogName found
2025-03-20T21:29:39.378+01:00 DEBUG 28294 --- [iot-sensor-data] [           main] liquibase.configuration                  : No configuration value for liquibase.command.defaultCatalogName found
2025-03-20T21:29:39.378+01:00 DEBUG 28294 --- [iot-sensor-data] [           main] liquibase.configuration                  : No configuration value for liquibase.command.update.defaultSchemaName found
2025-03-20T21:29:39.378+01:00 DEBUG 28294 --- [iot-sensor-data] [           main] liquibase.configuration                  : No configuration value for liquibase.command.defaultSchemaName found
2025-03-20T21:29:39.379+01:00 DEBUG 28294 --- [iot-sensor-data] [           main] liquibase.configuration                  : No configuration value for liquibase.command.update.driver found
2025-03-20T21:29:39.379+01:00 DEBUG 28294 --- [iot-sensor-data] [           main] liquibase.configuration                  : No configuration value for liquibase.command.driver found
2025-03-20T21:29:39.379+01:00 DEBUG 28294 --- [iot-sensor-data] [           main] liquibase.configuration                  : No configuration value for liquibase.command.update.driverPropertiesFile found
2025-03-20T21:29:39.379+01:00 DEBUG 28294 --- [iot-sensor-data] [           main] liquibase.configuration                  : No configuration value for liquibase.command.driverPropertiesFile found
2025-03-20T21:29:39.380+01:00 DEBUG 28294 --- [iot-sensor-data] [           main] liquibase.configuration                  : No configuration value for liquibase.command.update.labelFilter aka liquibase.command.update.labels found
2025-03-20T21:29:39.380+01:00 DEBUG 28294 --- [iot-sensor-data] [           main] liquibase.configuration                  : No configuration value for liquibase.command.labelFilter aka liquibase.command.labels found
2025-03-20T21:29:39.380+01:00 DEBUG 28294 --- [iot-sensor-data] [           main] liquibase.configuration                  : No configuration value for liquibase.command.update.password found
2025-03-20T21:29:39.380+01:00 DEBUG 28294 --- [iot-sensor-data] [           main] liquibase.configuration                  : No configuration value for liquibase.command.password found
2025-03-20T21:29:39.380+01:00 DEBUG 28294 --- [iot-sensor-data] [           main] liquibase.configuration                  : No configuration value for liquibase.command.update.showSummary found
2025-03-20T21:29:39.380+01:00 DEBUG 28294 --- [iot-sensor-data] [           main] liquibase.configuration                  : Configuration liquibase.command.update.showSummary is using the default value of SUMMARY
2025-03-20T21:29:39.380+01:00 DEBUG 28294 --- [iot-sensor-data] [           main] liquibase.configuration                  : No configuration value for liquibase.command.showSummary found
2025-03-20T21:29:39.380+01:00 DEBUG 28294 --- [iot-sensor-data] [           main] liquibase.configuration                  : Configuration liquibase.command.showSummary is using the default value of SUMMARY
2025-03-20T21:29:39.381+01:00 DEBUG 28294 --- [iot-sensor-data] [           main] liquibase.configuration                  : Found 'liquibase.command.update.showSummaryOutput' configuration of 'LOG'
    command argument 'showSummaryOutput' of 'LOG'
2025-03-20T21:29:39.381+01:00 DEBUG 28294 --- [iot-sensor-data] [           main] liquibase.configuration                  : No configuration value for liquibase.command.update.skipDatabaseStep found
2025-03-20T21:29:39.381+01:00 DEBUG 28294 --- [iot-sensor-data] [           main] liquibase.configuration                  : Configuration liquibase.command.update.skipDatabaseStep is using the default value of false
2025-03-20T21:29:39.381+01:00 DEBUG 28294 --- [iot-sensor-data] [           main] liquibase.configuration                  : No configuration value for liquibase.command.skipDatabaseStep found
2025-03-20T21:29:39.381+01:00 DEBUG 28294 --- [iot-sensor-data] [           main] liquibase.configuration                  : Configuration liquibase.command.skipDatabaseStep is using the default value of false
2025-03-20T21:29:39.381+01:00 DEBUG 28294 --- [iot-sensor-data] [           main] liquibase.configuration                  : No configuration value for liquibase.command.update.updateNullChecksums found
2025-03-20T21:29:39.381+01:00 DEBUG 28294 --- [iot-sensor-data] [           main] liquibase.configuration                  : Configuration liquibase.command.update.updateNullChecksums is using the default value of false
2025-03-20T21:29:39.382+01:00 DEBUG 28294 --- [iot-sensor-data] [           main] liquibase.configuration                  : No configuration value for liquibase.command.updateNullChecksums found
2025-03-20T21:29:39.382+01:00 DEBUG 28294 --- [iot-sensor-data] [           main] liquibase.configuration                  : Configuration liquibase.command.updateNullChecksums is using the default value of false
2025-03-20T21:29:39.382+01:00 DEBUG 28294 --- [iot-sensor-data] [           main] liquibase.configuration                  : No configuration value for liquibase.command.update.url found
2025-03-20T21:29:39.382+01:00 DEBUG 28294 --- [iot-sensor-data] [           main] liquibase.configuration                  : No configuration value for liquibase.command.url found
2025-03-20T21:29:39.383+01:00 DEBUG 28294 --- [iot-sensor-data] [           main] liquibase.configuration                  : No configuration value for liquibase.command.update.username found
2025-03-20T21:29:39.384+01:00 DEBUG 28294 --- [iot-sensor-data] [           main] liquibase.configuration                  : No configuration value for liquibase.command.username found
2025-03-20T21:29:39.384+01:00 DEBUG 28294 --- [iot-sensor-data] [           main] liquibase.command                        : Pipeline for command 'update: liquibase.command.core.helpers.DbUrlConnectionArgumentsCommandStep then liquibase.command.core.helpers.ShowSummaryArgument then liquibase.command.core.helpers.DbUrlConnectionCommandStep then liquibase.command.core.helpers.DatabaseChangelogCommandStep then liquibase.command.core.helpers.ChangeExecListenerCommandStep then liquibase.command.core.UpdateCommandStep
2025-03-20T21:29:39.384+01:00 DEBUG 28294 --- [iot-sensor-data] [           main] liquibase.configuration                  : No configuration value for liquibase.outputFile found
2025-03-20T21:29:39.384+01:00 DEBUG 28294 --- [iot-sensor-data] [           main] liquibase.configuration                  : No configuration value for liquibase.outputFileEncoding found
2025-03-20T21:29:39.384+01:00 DEBUG 28294 --- [iot-sensor-data] [           main] liquibase.configuration                  : Configuration liquibase.outputFileEncoding is using the default value of UTF-8
2025-03-20T21:29:39.384+01:00 DEBUG 28294 --- [iot-sensor-data] [           main] liquibase.command                        : Writing output with encoding 'UTF-8'
2025-03-20T21:29:39.384+01:00 DEBUG 28294 --- [iot-sensor-data] [           main] liquibase.command                        : Executing internal command dbUrlConnectionArguments
2025-03-20T21:29:39.384+01:00 DEBUG 28294 --- [iot-sensor-data] [           main] liquibase.command                        : Executing internal command showSummary
2025-03-20T21:29:39.384+01:00 DEBUG 28294 --- [iot-sensor-data] [           main] liquibase.configuration                  : Configuration liquibase.command.update.showSummary is using the default value of SUMMARY
2025-03-20T21:29:39.385+01:00 DEBUG 28294 --- [iot-sensor-data] [           main] liquibase.configuration                  : Configuration liquibase.command.showSummary is using the default value of SUMMARY
2025-03-20T21:29:39.385+01:00 DEBUG 28294 --- [iot-sensor-data] [           main] liquibase.command                        : Executing internal command dbUrlConnectionCommandStep
2025-03-20T21:29:39.385+01:00 DEBUG 28294 --- [iot-sensor-data] [           main] liquibase.configuration                  : Configuration liquibase.command.update.skipDatabaseStep is using the default value of false
2025-03-20T21:29:39.385+01:00 DEBUG 28294 --- [iot-sensor-data] [           main] liquibase.configuration                  : Configuration liquibase.command.skipDatabaseStep is using the default value of false
2025-03-20T21:29:39.388+01:00 DEBUG 28294 --- [iot-sensor-data] [           main] liquibase.command                        : Executing internal command changelogCommandStep
2025-03-20T21:29:39.392+01:00 DEBUG 28294 --- [iot-sensor-data] [           main] liquibase.servicelocator                 : Loaded liquibase.parser.ChangeLogParser instance liquibase.parser.core.formattedsql.FormattedSqlChangeLogParser
2025-03-20T21:29:39.393+01:00 DEBUG 28294 --- [iot-sensor-data] [           main] liquibase.servicelocator                 : Loaded liquibase.parser.ChangeLogParser instance liquibase.parser.core.json.JsonChangeLogParser
2025-03-20T21:29:39.394+01:00 DEBUG 28294 --- [iot-sensor-data] [           main] liquibase.servicelocator                 : Loaded liquibase.parser.ChangeLogParser instance liquibase.parser.core.sql.SqlChangeLogParser
2025-03-20T21:29:39.397+01:00 DEBUG 28294 --- [iot-sensor-data] [           main] liquibase.configuration                  : No configuration value for liquibase.validateXmlChangelogFiles found
2025-03-20T21:29:39.397+01:00 DEBUG 28294 --- [iot-sensor-data] [           main] liquibase.configuration                  : Configuration liquibase.validateXmlChangelogFiles is using the default value of true
2025-03-20T21:29:39.397+01:00 DEBUG 28294 --- [iot-sensor-data] [           main] liquibase.configuration                  : No configuration value for liquibase.secureParsing found
2025-03-20T21:29:39.397+01:00 DEBUG 28294 --- [iot-sensor-data] [           main] liquibase.configuration                  : Configuration liquibase.secureParsing is using the default value of true
2025-03-20T21:29:39.397+01:00 DEBUG 28294 --- [iot-sensor-data] [           main] liquibase.servicelocator                 : Loaded liquibase.parser.ChangeLogParser instance liquibase.parser.core.xml.XMLChangeLogSAXParser
2025-03-20T21:29:39.397+01:00 DEBUG 28294 --- [iot-sensor-data] [           main] liquibase.servicelocator                 : Loaded liquibase.parser.ChangeLogParser instance liquibase.parser.core.yaml.YamlChangeLogParser
2025-03-20T21:29:39.397+01:00 DEBUG 28294 --- [iot-sensor-data] [           main] liquibase.parser                         : Matched file 'classpath:liquibase/changelog-master.xml' to parser 'XMLChangeLogSAXParser'
2025-03-20T21:29:39.421+01:00 DEBUG 28294 --- [iot-sensor-data] [           main] liquibase.servicelocator                 : Loaded liquibase.precondition.Precondition instance liquibase.precondition.CustomPreconditionWrapper
2025-03-20T21:29:39.421+01:00 DEBUG 28294 --- [iot-sensor-data] [           main] liquibase.servicelocator                 : Loaded liquibase.precondition.Precondition instance liquibase.precondition.core.AndPrecondition
2025-03-20T21:29:39.421+01:00 DEBUG 28294 --- [iot-sensor-data] [           main] liquibase.servicelocator                 : Loaded liquibase.precondition.Precondition instance liquibase.precondition.core.ChangeLogPropertyDefinedPrecondition
2025-03-20T21:29:39.421+01:00 DEBUG 28294 --- [iot-sensor-data] [           main] liquibase.servicelocator                 : Loaded liquibase.precondition.Precondition instance liquibase.precondition.core.ChangeSetExecutedPrecondition
2025-03-20T21:29:39.422+01:00 DEBUG 28294 --- [iot-sensor-data] [           main] liquibase.servicelocator                 : Loaded liquibase.precondition.Precondition instance liquibase.precondition.core.ColumnExistsPrecondition
2025-03-20T21:29:39.422+01:00 DEBUG 28294 --- [iot-sensor-data] [           main] liquibase.servicelocator                 : Loaded liquibase.precondition.Precondition instance liquibase.precondition.core.DBMSPrecondition
2025-03-20T21:29:39.422+01:00 DEBUG 28294 --- [iot-sensor-data] [           main] liquibase.servicelocator                 : Loaded liquibase.precondition.Precondition instance liquibase.precondition.core.ForeignKeyExistsPrecondition
2025-03-20T21:29:39.422+01:00 DEBUG 28294 --- [iot-sensor-data] [           main] liquibase.servicelocator                 : Loaded liquibase.precondition.Precondition instance liquibase.precondition.core.IndexExistsPrecondition
2025-03-20T21:29:39.422+01:00 DEBUG 28294 --- [iot-sensor-data] [           main] liquibase.servicelocator                 : Loaded liquibase.precondition.Precondition instance liquibase.precondition.core.NotPrecondition
2025-03-20T21:29:39.423+01:00 DEBUG 28294 --- [iot-sensor-data] [           main] liquibase.servicelocator                 : Loaded liquibase.precondition.Precondition instance liquibase.precondition.core.ObjectQuotingStrategyPrecondition
2025-03-20T21:29:39.423+01:00 DEBUG 28294 --- [iot-sensor-data] [           main] liquibase.servicelocator                 : Loaded liquibase.precondition.Precondition instance liquibase.precondition.core.OrPrecondition
2025-03-20T21:29:39.423+01:00 DEBUG 28294 --- [iot-sensor-data] [           main] liquibase.servicelocator                 : Loaded liquibase.precondition.Precondition instance liquibase.precondition.core.PreconditionContainer
2025-03-20T21:29:39.423+01:00 DEBUG 28294 --- [iot-sensor-data] [           main] liquibase.servicelocator                 : Loaded liquibase.precondition.Precondition instance liquibase.precondition.core.PrimaryKeyExistsPrecondition
2025-03-20T21:29:39.423+01:00 DEBUG 28294 --- [iot-sensor-data] [           main] liquibase.servicelocator                 : Loaded liquibase.precondition.Precondition instance liquibase.precondition.core.RowCountPrecondition
2025-03-20T21:29:39.423+01:00 DEBUG 28294 --- [iot-sensor-data] [           main] liquibase.servicelocator                 : Loaded liquibase.precondition.Precondition instance liquibase.precondition.core.RunningAsPrecondition
2025-03-20T21:29:39.424+01:00 DEBUG 28294 --- [iot-sensor-data] [           main] liquibase.servicelocator                 : Loaded liquibase.precondition.Precondition instance liquibase.precondition.core.SequenceExistsPrecondition
2025-03-20T21:29:39.424+01:00 DEBUG 28294 --- [iot-sensor-data] [           main] liquibase.servicelocator                 : Loaded liquibase.precondition.Precondition instance liquibase.precondition.core.SqlPrecondition
2025-03-20T21:29:39.424+01:00 DEBUG 28294 --- [iot-sensor-data] [           main] liquibase.servicelocator                 : Loaded liquibase.precondition.Precondition instance liquibase.precondition.core.TableExistsPrecondition
2025-03-20T21:29:39.424+01:00 DEBUG 28294 --- [iot-sensor-data] [           main] liquibase.servicelocator                 : Loaded liquibase.precondition.Precondition instance liquibase.precondition.core.TableIsEmptyPrecondition
2025-03-20T21:29:39.424+01:00 DEBUG 28294 --- [iot-sensor-data] [           main] liquibase.servicelocator                 : Loaded liquibase.precondition.Precondition instance liquibase.precondition.core.UniqueConstraintExistsPrecondition
2025-03-20T21:29:39.424+01:00 DEBUG 28294 --- [iot-sensor-data] [           main] liquibase.servicelocator                 : Loaded liquibase.precondition.Precondition instance liquibase.precondition.core.ViewExistsPrecondition
2025-03-20T21:29:39.446+01:00 DEBUG 28294 --- [iot-sensor-data] [           main] liquibase.parser                         : Resolving XML entity name='null', publicId='null', baseURI='null', systemId='https://www.liquibase.org/xml/ns/dbchangelog/dbchangelog-4.4.xsd'
2025-03-20T21:29:39.497+01:00 DEBUG 28294 --- [iot-sensor-data] [           main] liquibase.servicelocator                 : Loaded liquibase.changeset.ChangeSetService instance liquibase.changeset.StandardChangeSetService
2025-03-20T21:29:39.503+01:00 DEBUG 28294 --- [iot-sensor-data] [           main] liquibase.configuration                  : Found 'liquibase.command.update.updateNullChecksums' configuration of 'true'
    command argument 'updateNullChecksums' of 'true'
2025-03-20T21:29:39.505+01:00 DEBUG 28294 --- [iot-sensor-data] [           main] liquibase.servicelocator                 : Loaded liquibase.changelog.ChangeLogHistoryService instance liquibase.changelog.MockChangeLogHistoryService
2025-03-20T21:29:39.506+01:00 DEBUG 28294 --- [iot-sensor-data] [           main] liquibase.servicelocator                 : Loaded liquibase.changelog.ChangeLogHistoryService instance liquibase.changelog.StandardChangeLogHistoryService
2025-03-20T21:29:39.510+01:00 DEBUG 28294 --- [iot-sensor-data] [           main] liquibase.servicelocator                 : Loaded liquibase.snapshot.SnapshotGenerator instance liquibase.snapshot.jvm.CatalogSnapshotGenerator
2025-03-20T21:29:39.513+01:00 DEBUG 28294 --- [iot-sensor-data] [           main] liquibase.servicelocator                 : Loaded liquibase.snapshot.SnapshotGenerator instance liquibase.snapshot.jvm.ColumnSnapshotGenerator
2025-03-20T21:29:39.513+01:00 DEBUG 28294 --- [iot-sensor-data] [           main] liquibase.servicelocator                 : Loaded liquibase.snapshot.SnapshotGenerator instance liquibase.snapshot.jvm.ColumnSnapshotGeneratorH2
2025-03-20T21:29:39.514+01:00 DEBUG 28294 --- [iot-sensor-data] [           main] liquibase.servicelocator                 : Loaded liquibase.snapshot.SnapshotGenerator instance liquibase.snapshot.jvm.ColumnSnapshotGeneratorInformix
2025-03-20T21:29:39.514+01:00 DEBUG 28294 --- [iot-sensor-data] [           main] liquibase.servicelocator                 : Loaded liquibase.snapshot.SnapshotGenerator instance liquibase.snapshot.jvm.ColumnSnapshotGeneratorOracle
2025-03-20T21:29:39.514+01:00 DEBUG 28294 --- [iot-sensor-data] [           main] liquibase.servicelocator                 : Loaded liquibase.snapshot.SnapshotGenerator instance liquibase.snapshot.jvm.DataSnapshotGenerator
2025-03-20T21:29:39.515+01:00 DEBUG 28294 --- [iot-sensor-data] [           main] liquibase.servicelocator                 : Loaded liquibase.snapshot.SnapshotGenerator instance liquibase.snapshot.jvm.ForeignKeySnapshotGenerator
2025-03-20T21:29:39.516+01:00 DEBUG 28294 --- [iot-sensor-data] [           main] liquibase.servicelocator                 : Loaded liquibase.snapshot.SnapshotGenerator instance liquibase.snapshot.jvm.IndexSnapshotGenerator
2025-03-20T21:29:39.516+01:00 DEBUG 28294 --- [iot-sensor-data] [           main] liquibase.servicelocator                 : Loaded liquibase.snapshot.SnapshotGenerator instance liquibase.snapshot.jvm.PrimaryKeySnapshotGenerator
2025-03-20T21:29:39.517+01:00 DEBUG 28294 --- [iot-sensor-data] [           main] liquibase.servicelocator                 : Loaded liquibase.snapshot.SnapshotGenerator instance liquibase.snapshot.jvm.SchemaSnapshotGenerator
2025-03-20T21:29:39.518+01:00 DEBUG 28294 --- [iot-sensor-data] [           main] liquibase.servicelocator                 : Loaded liquibase.snapshot.SnapshotGenerator instance liquibase.snapshot.jvm.SequenceSnapshotGenerator
2025-03-20T21:29:39.518+01:00 DEBUG 28294 --- [iot-sensor-data] [           main] liquibase.servicelocator                 : Loaded liquibase.snapshot.SnapshotGenerator instance liquibase.snapshot.jvm.TableSnapshotGenerator
2025-03-20T21:29:39.519+01:00 DEBUG 28294 --- [iot-sensor-data] [           main] liquibase.servicelocator                 : Loaded liquibase.snapshot.SnapshotGenerator instance liquibase.snapshot.jvm.UniqueConstraintSnapshotGenerator
2025-03-20T21:29:39.519+01:00 DEBUG 28294 --- [iot-sensor-data] [           main] liquibase.servicelocator                 : Loaded liquibase.snapshot.SnapshotGenerator instance liquibase.snapshot.jvm.ViewSnapshotGenerator
2025-03-20T21:29:39.520+01:00 DEBUG 28294 --- [iot-sensor-data] [           main] liquibase.servicelocator                 : Loaded liquibase.snapshot.SnapshotGenerator instance liquibase.snapshot.jvm.SchemaSnapshotGeneratorSnowflake
2025-03-20T21:29:39.520+01:00 DEBUG 28294 --- [iot-sensor-data] [           main] liquibase.servicelocator                 : Loaded liquibase.snapshot.SnapshotGenerator instance liquibase.snapshot.jvm.SequenceSnapshotGeneratorSnowflake
2025-03-20T21:29:39.520+01:00 DEBUG 28294 --- [iot-sensor-data] [           main] liquibase.servicelocator                 : Loaded liquibase.snapshot.SnapshotGenerator instance liquibase.snapshot.jvm.UniqueConstraintSnapshotGeneratorSnowflake
2025-03-20T21:29:39.521+01:00 DEBUG 28294 --- [iot-sensor-data] [           main] liquibase.configuration                  : No configuration value for liquibase.liquibaseCatalogName aka liquibase.catalogName found
2025-03-20T21:29:39.523+01:00 DEBUG 28294 --- [iot-sensor-data] [           main] liquibase.util                           : Computed checksum for 1742502579522 as 71615e311e428874c938bbcfc8eb2e58
2025-03-20T21:29:39.525+01:00 DEBUG 28294 --- [iot-sensor-data] [           main] liquibase.configuration                  : No configuration value for liquibase.preserveSchemaCase found
2025-03-20T21:29:39.525+01:00 DEBUG 28294 --- [iot-sensor-data] [           main] liquibase.configuration                  : Configuration liquibase.preserveSchemaCase is using the default value of false
2025-03-20T21:29:39.549+01:00 DEBUG 28294 --- [iot-sensor-data] [           main] liquibase.servicelocator                 : Loaded liquibase.database.LiquibaseTableNames instance liquibase.database.StandardLiquibaseTableNames
2025-03-20T21:29:39.563+01:00 DEBUG 28294 --- [iot-sensor-data] [           main] liquibase.servicelocator                 : Loaded liquibase.executor.Executor instance liquibase.executor.jvm.JdbcExecutor
2025-03-20T21:29:39.563+01:00 DEBUG 28294 --- [iot-sensor-data] [           main] liquibase.servicelocator                 : Loaded liquibase.executor.Executor instance liquibase.executor.jvm.SnowflakeJdbcExecutor
2025-03-20T21:29:39.566+01:00 DEBUG 28294 --- [iot-sensor-data] [           main] liquibase.servicelocator                 : Loaded liquibase.sqlgenerator.SqlGenerator instance liquibase.sqlgenerator.core.AddAutoIncrementGenerator
2025-03-20T21:29:39.566+01:00 DEBUG 28294 --- [iot-sensor-data] [           main] liquibase.servicelocator                 : Loaded liquibase.sqlgenerator.SqlGenerator instance liquibase.sqlgenerator.core.AddAutoIncrementGeneratorDB2
2025-03-20T21:29:39.566+01:00 DEBUG 28294 --- [iot-sensor-data] [           main] liquibase.servicelocator                 : Loaded liquibase.sqlgenerator.SqlGenerator instance liquibase.sqlgenerator.core.AddAutoIncrementGeneratorHsqlH2
2025-03-20T21:29:39.566+01:00 DEBUG 28294 --- [iot-sensor-data] [           main] liquibase.servicelocator                 : Loaded liquibase.sqlgenerator.SqlGenerator instance liquibase.sqlgenerator.core.AddAutoIncrementGeneratorInformix
2025-03-20T21:29:39.566+01:00 DEBUG 28294 --- [iot-sensor-data] [           main] liquibase.servicelocator                 : Loaded liquibase.sqlgenerator.SqlGenerator instance liquibase.sqlgenerator.core.AddAutoIncrementGeneratorMySQL
2025-03-20T21:29:39.567+01:00 DEBUG 28294 --- [iot-sensor-data] [           main] liquibase.servicelocator                 : Loaded liquibase.sqlgenerator.SqlGenerator instance liquibase.sqlgenerator.core.AddAutoIncrementGeneratorSQLite
2025-03-20T21:29:39.567+01:00 DEBUG 28294 --- [iot-sensor-data] [           main] liquibase.servicelocator                 : Loaded liquibase.sqlgenerator.SqlGenerator instance liquibase.sqlgenerator.core.AddColumnGenerator
2025-03-20T21:29:39.567+01:00 DEBUG 28294 --- [iot-sensor-data] [           main] liquibase.servicelocator                 : Loaded liquibase.sqlgenerator.SqlGenerator instance liquibase.sqlgenerator.core.AddColumnGeneratorDefaultClauseBeforeNotNull
2025-03-20T21:29:39.567+01:00 DEBUG 28294 --- [iot-sensor-data] [           main] liquibase.servicelocator                 : Loaded liquibase.sqlgenerator.SqlGenerator instance liquibase.sqlgenerator.core.AddColumnGeneratorSQLite
2025-03-20T21:29:39.568+01:00 DEBUG 28294 --- [iot-sensor-data] [           main] liquibase.servicelocator                 : Loaded liquibase.sqlgenerator.SqlGenerator instance liquibase.sqlgenerator.core.AddDefaultValueGenerator
2025-03-20T21:29:39.568+01:00 DEBUG 28294 --- [iot-sensor-data] [           main] liquibase.servicelocator                 : Loaded liquibase.sqlgenerator.SqlGenerator instance liquibase.sqlgenerator.core.AddDefaultValueGeneratorDerby
2025-03-20T21:29:39.568+01:00 DEBUG 28294 --- [iot-sensor-data] [           main] liquibase.servicelocator                 : Loaded liquibase.sqlgenerator.SqlGenerator instance liquibase.sqlgenerator.core.AddDefaultValueGeneratorInformix
2025-03-20T21:29:39.568+01:00 DEBUG 28294 --- [iot-sensor-data] [           main] liquibase.servicelocator                 : Loaded liquibase.sqlgenerator.SqlGenerator instance liquibase.sqlgenerator.core.AddDefaultValueGeneratorMSSQL
2025-03-20T21:29:39.568+01:00 DEBUG 28294 --- [iot-sensor-data] [           main] liquibase.servicelocator                 : Loaded liquibase.sqlgenerator.SqlGenerator instance liquibase.sqlgenerator.core.AddDefaultValueGeneratorMySQL
2025-03-20T21:29:39.568+01:00 DEBUG 28294 --- [iot-sensor-data] [           main] liquibase.servicelocator                 : Loaded liquibase.sqlgenerator.SqlGenerator instance liquibase.sqlgenerator.core.AddDefaultValueGeneratorOracle
2025-03-20T21:29:39.569+01:00 DEBUG 28294 --- [iot-sensor-data] [           main] liquibase.servicelocator                 : Loaded liquibase.sqlgenerator.SqlGenerator instance liquibase.sqlgenerator.core.AddDefaultValueGeneratorPostgres
2025-03-20T21:29:39.569+01:00 DEBUG 28294 --- [iot-sensor-data] [           main] liquibase.servicelocator                 : Loaded liquibase.sqlgenerator.SqlGenerator instance liquibase.sqlgenerator.core.AddDefaultValueGeneratorSQLite
2025-03-20T21:29:39.569+01:00 DEBUG 28294 --- [iot-sensor-data] [           main] liquibase.servicelocator                 : Loaded liquibase.sqlgenerator.SqlGenerator instance liquibase.sqlgenerator.core.AddDefaultValueGeneratorSybase
2025-03-20T21:29:39.569+01:00 DEBUG 28294 --- [iot-sensor-data] [           main] liquibase.servicelocator                 : Loaded liquibase.sqlgenerator.SqlGenerator instance liquibase.sqlgenerator.core.AddDefaultValueGeneratorSybaseASA
2025-03-20T21:29:39.569+01:00 DEBUG 28294 --- [iot-sensor-data] [           main] liquibase.servicelocator                 : Loaded liquibase.sqlgenerator.SqlGenerator instance liquibase.sqlgenerator.core.AddForeignKeyConstraintGenerator
2025-03-20T21:29:39.569+01:00 DEBUG 28294 --- [iot-sensor-data] [           main] liquibase.servicelocator                 : Loaded liquibase.sqlgenerator.SqlGenerator instance liquibase.sqlgenerator.core.AddPrimaryKeyGenerator
2025-03-20T21:29:39.569+01:00 DEBUG 28294 --- [iot-sensor-data] [           main] liquibase.servicelocator                 : Loaded liquibase.sqlgenerator.SqlGenerator instance liquibase.sqlgenerator.core.AddPrimaryKeyGeneratorInformix
2025-03-20T21:29:39.570+01:00 DEBUG 28294 --- [iot-sensor-data] [           main] liquibase.servicelocator                 : Loaded liquibase.sqlgenerator.SqlGenerator instance liquibase.sqlgenerator.core.AddUniqueConstraintGenerator
2025-03-20T21:29:39.570+01:00 DEBUG 28294 --- [iot-sensor-data] [           main] liquibase.servicelocator                 : Loaded liquibase.sqlgenerator.SqlGenerator instance liquibase.sqlgenerator.core.AddUniqueConstraintGeneratorInformix
2025-03-20T21:29:39.570+01:00 DEBUG 28294 --- [iot-sensor-data] [           main] liquibase.servicelocator                 : Loaded liquibase.sqlgenerator.SqlGenerator instance liquibase.sqlgenerator.core.AddUniqueConstraintGeneratorTDS
2025-03-20T21:29:39.570+01:00 DEBUG 28294 --- [iot-sensor-data] [           main] liquibase.servicelocator                 : Loaded liquibase.sqlgenerator.SqlGenerator instance liquibase.sqlgenerator.core.AlterSequenceGenerator
2025-03-20T21:29:39.570+01:00 DEBUG 28294 --- [iot-sensor-data] [           main] liquibase.servicelocator                 : Loaded liquibase.sqlgenerator.SqlGenerator instance liquibase.sqlgenerator.core.BatchDmlExecutablePreparedStatementGenerator
2025-03-20T21:29:39.570+01:00 DEBUG 28294 --- [iot-sensor-data] [           main] liquibase.servicelocator                 : Loaded liquibase.sqlgenerator.SqlGenerator instance liquibase.sqlgenerator.core.ClearDatabaseChangeLogTableGenerator
2025-03-20T21:29:39.570+01:00 DEBUG 28294 --- [iot-sensor-data] [           main] liquibase.servicelocator                 : Loaded liquibase.sqlgenerator.SqlGenerator instance liquibase.sqlgenerator.core.CommentGenerator
2025-03-20T21:29:39.570+01:00 DEBUG 28294 --- [iot-sensor-data] [           main] liquibase.servicelocator                 : Loaded liquibase.sqlgenerator.SqlGenerator instance liquibase.sqlgenerator.core.CopyRowsGenerator
2025-03-20T21:29:39.576+01:00 DEBUG 28294 --- [iot-sensor-data] [           main] liquibase.servicelocator                 : Loaded liquibase.sqlgenerator.SqlGenerator instance liquibase.sqlgenerator.core.CreateDatabaseChangeLogLockTableGenerator
2025-03-20T21:29:39.577+01:00 DEBUG 28294 --- [iot-sensor-data] [           main] liquibase.servicelocator                 : Loaded liquibase.sqlgenerator.SqlGenerator instance liquibase.sqlgenerator.core.CreateDatabaseChangeLogTableGenerator
2025-03-20T21:29:39.577+01:00 DEBUG 28294 --- [iot-sensor-data] [           main] liquibase.servicelocator                 : Loaded liquibase.sqlgenerator.SqlGenerator instance liquibase.sqlgenerator.core.CreateDatabaseChangeLogTableGeneratorSybase
2025-03-20T21:29:39.578+01:00 DEBUG 28294 --- [iot-sensor-data] [           main] liquibase.servicelocator                 : Loaded liquibase.sqlgenerator.SqlGenerator instance liquibase.sqlgenerator.core.CreateIndexGenerator
2025-03-20T21:29:39.578+01:00 DEBUG 28294 --- [iot-sensor-data] [           main] liquibase.servicelocator                 : Loaded liquibase.sqlgenerator.SqlGenerator instance liquibase.sqlgenerator.core.CreateIndexGeneratorFirebird
2025-03-20T21:29:39.578+01:00 DEBUG 28294 --- [iot-sensor-data] [           main] liquibase.servicelocator                 : Loaded liquibase.sqlgenerator.SqlGenerator instance liquibase.sqlgenerator.core.CreateIndexGeneratorPostgres
2025-03-20T21:29:39.579+01:00 DEBUG 28294 --- [iot-sensor-data] [           main] liquibase.servicelocator                 : Loaded liquibase.sqlgenerator.SqlGenerator instance liquibase.sqlgenerator.core.CreateProcedureGenerator
2025-03-20T21:29:39.579+01:00 DEBUG 28294 --- [iot-sensor-data] [           main] liquibase.servicelocator                 : Loaded liquibase.sqlgenerator.SqlGenerator instance liquibase.sqlgenerator.core.CreateSequenceGenerator
2025-03-20T21:29:39.579+01:00 DEBUG 28294 --- [iot-sensor-data] [           main] liquibase.servicelocator                 : Loaded liquibase.sqlgenerator.SqlGenerator instance liquibase.sqlgenerator.core.CreateTableGenerator
2025-03-20T21:29:39.579+01:00 DEBUG 28294 --- [iot-sensor-data] [           main] liquibase.servicelocator                 : Loaded liquibase.sqlgenerator.SqlGenerator instance liquibase.sqlgenerator.core.CreateTableGeneratorInformix
2025-03-20T21:29:39.580+01:00 DEBUG 28294 --- [iot-sensor-data] [           main] liquibase.servicelocator                 : Loaded liquibase.sqlgenerator.SqlGenerator instance liquibase.sqlgenerator.core.CreateViewGenerator
2025-03-20T21:29:39.580+01:00 DEBUG 28294 --- [iot-sensor-data] [           main] liquibase.servicelocator                 : Loaded liquibase.sqlgenerator.SqlGenerator instance liquibase.sqlgenerator.core.CreateViewGeneratorInformix
2025-03-20T21:29:39.580+01:00 DEBUG 28294 --- [iot-sensor-data] [           main] liquibase.servicelocator                 : Loaded liquibase.sqlgenerator.SqlGenerator instance liquibase.sqlgenerator.core.DeleteGenerator
2025-03-20T21:29:39.580+01:00 DEBUG 28294 --- [iot-sensor-data] [           main] liquibase.servicelocator                 : Loaded liquibase.sqlgenerator.SqlGenerator instance liquibase.sqlgenerator.core.DropColumnGenerator
2025-03-20T21:29:39.581+01:00 DEBUG 28294 --- [iot-sensor-data] [           main] liquibase.servicelocator                 : Loaded liquibase.sqlgenerator.SqlGenerator instance liquibase.sqlgenerator.core.DropDefaultValueGenerator
2025-03-20T21:29:39.581+01:00 DEBUG 28294 --- [iot-sensor-data] [           main] liquibase.servicelocator                 : Loaded liquibase.sqlgenerator.SqlGenerator instance liquibase.sqlgenerator.core.DropForeignKeyConstraintGenerator
2025-03-20T21:29:39.581+01:00 DEBUG 28294 --- [iot-sensor-data] [           main] liquibase.servicelocator                 : Loaded liquibase.sqlgenerator.SqlGenerator instance liquibase.sqlgenerator.core.DropIndexGenerator
2025-03-20T21:29:39.581+01:00 DEBUG 28294 --- [iot-sensor-data] [           main] liquibase.servicelocator                 : Loaded liquibase.sqlgenerator.SqlGenerator instance liquibase.sqlgenerator.core.DropPrimaryKeyGenerator
2025-03-20T21:29:39.582+01:00 DEBUG 28294 --- [iot-sensor-data] [           main] liquibase.servicelocator                 : Loaded liquibase.sqlgenerator.SqlGenerator instance liquibase.sqlgenerator.core.DropProcedureGenerator
2025-03-20T21:29:39.582+01:00 DEBUG 28294 --- [iot-sensor-data] [           main] liquibase.servicelocator                 : Loaded liquibase.sqlgenerator.SqlGenerator instance liquibase.sqlgenerator.core.DropSequenceGenerator
2025-03-20T21:29:39.582+01:00 DEBUG 28294 --- [iot-sensor-data] [           main] liquibase.servicelocator                 : Loaded liquibase.sqlgenerator.SqlGenerator instance liquibase.sqlgenerator.core.DropTableGenerator
2025-03-20T21:29:39.582+01:00 DEBUG 28294 --- [iot-sensor-data] [           main] liquibase.servicelocator                 : Loaded liquibase.sqlgenerator.SqlGenerator instance liquibase.sqlgenerator.core.DropUniqueConstraintGenerator
2025-03-20T21:29:39.582+01:00 DEBUG 28294 --- [iot-sensor-data] [           main] liquibase.servicelocator                 : Loaded liquibase.sqlgenerator.SqlGenerator instance liquibase.sqlgenerator.core.DropViewGenerator
2025-03-20T21:29:39.582+01:00 DEBUG 28294 --- [iot-sensor-data] [           main] liquibase.servicelocator                 : Loaded liquibase.sqlgenerator.SqlGenerator instance liquibase.sqlgenerator.core.GetNextChangeSetSequenceValueGenerator
2025-03-20T21:29:39.582+01:00 DEBUG 28294 --- [iot-sensor-data] [           main] liquibase.servicelocator                 : Loaded liquibase.sqlgenerator.SqlGenerator instance liquibase.sqlgenerator.core.GetViewDefinitionGenerator
2025-03-20T21:29:39.583+01:00 DEBUG 28294 --- [iot-sensor-data] [           main] liquibase.servicelocator                 : Loaded liquibase.sqlgenerator.SqlGenerator instance liquibase.sqlgenerator.core.GetViewDefinitionGeneratorDB2
2025-03-20T21:29:39.583+01:00 DEBUG 28294 --- [iot-sensor-data] [           main] liquibase.servicelocator                 : Loaded liquibase.sqlgenerator.SqlGenerator instance liquibase.sqlgenerator.core.GetViewDefinitionGeneratorDerby
2025-03-20T21:29:39.583+01:00 DEBUG 28294 --- [iot-sensor-data] [           main] liquibase.servicelocator                 : Loaded liquibase.sqlgenerator.SqlGenerator instance liquibase.sqlgenerator.core.GetViewDefinitionGeneratorFirebird
2025-03-20T21:29:39.583+01:00 DEBUG 28294 --- [iot-sensor-data] [           main] liquibase.servicelocator                 : Loaded liquibase.sqlgenerator.SqlGenerator instance liquibase.sqlgenerator.core.GetViewDefinitionGeneratorHsql
2025-03-20T21:29:39.583+01:00 DEBUG 28294 --- [iot-sensor-data] [           main] liquibase.servicelocator                 : Loaded liquibase.sqlgenerator.SqlGenerator instance liquibase.sqlgenerator.core.GetViewDefinitionGeneratorInformix
2025-03-20T21:29:39.583+01:00 DEBUG 28294 --- [iot-sensor-data] [           main] liquibase.servicelocator                 : Loaded liquibase.sqlgenerator.SqlGenerator instance liquibase.sqlgenerator.core.GetViewDefinitionGeneratorMSSQL
2025-03-20T21:29:39.583+01:00 DEBUG 28294 --- [iot-sensor-data] [           main] liquibase.servicelocator                 : Loaded liquibase.sqlgenerator.SqlGenerator instance liquibase.sqlgenerator.core.GetViewDefinitionGeneratorOracle
2025-03-20T21:29:39.583+01:00 DEBUG 28294 --- [iot-sensor-data] [           main] liquibase.servicelocator                 : Loaded liquibase.sqlgenerator.SqlGenerator instance liquibase.sqlgenerator.core.GetViewDefinitionGeneratorPostgres
2025-03-20T21:29:39.583+01:00 DEBUG 28294 --- [iot-sensor-data] [           main] liquibase.servicelocator                 : Loaded liquibase.sqlgenerator.SqlGenerator instance liquibase.sqlgenerator.core.GetViewDefinitionGeneratorSybase
2025-03-20T21:29:39.583+01:00 DEBUG 28294 --- [iot-sensor-data] [           main] liquibase.servicelocator                 : Loaded liquibase.sqlgenerator.SqlGenerator instance liquibase.sqlgenerator.core.GetViewDefinitionGeneratorSybaseASA
2025-03-20T21:29:39.584+01:00 DEBUG 28294 --- [iot-sensor-data] [           main] liquibase.servicelocator                 : Loaded liquibase.sqlgenerator.SqlGenerator instance liquibase.sqlgenerator.core.InitializeDatabaseChangeLogLockTableGenerator
2025-03-20T21:29:39.584+01:00 DEBUG 28294 --- [iot-sensor-data] [           main] liquibase.servicelocator                 : Loaded liquibase.sqlgenerator.SqlGenerator instance liquibase.sqlgenerator.core.InsertDataChangeGenerator
2025-03-20T21:29:39.584+01:00 DEBUG 28294 --- [iot-sensor-data] [           main] liquibase.servicelocator                 : Loaded liquibase.sqlgenerator.SqlGenerator instance liquibase.sqlgenerator.core.InsertGenerator
2025-03-20T21:29:39.584+01:00 DEBUG 28294 --- [iot-sensor-data] [           main] liquibase.servicelocator                 : Loaded liquibase.sqlgenerator.SqlGenerator instance liquibase.sqlgenerator.core.InsertOrUpdateGeneratorDB2
2025-03-20T21:29:39.584+01:00 DEBUG 28294 --- [iot-sensor-data] [           main] liquibase.servicelocator                 : Loaded liquibase.sqlgenerator.SqlGenerator instance liquibase.sqlgenerator.core.InsertOrUpdateGeneratorH2
2025-03-20T21:29:39.585+01:00 DEBUG 28294 --- [iot-sensor-data] [           main] liquibase.servicelocator                 : Loaded liquibase.sqlgenerator.SqlGenerator instance liquibase.sqlgenerator.core.InsertOrUpdateGeneratorHsql
2025-03-20T21:29:39.585+01:00 DEBUG 28294 --- [iot-sensor-data] [           main] liquibase.servicelocator                 : Loaded liquibase.sqlgenerator.SqlGenerator instance liquibase.sqlgenerator.core.InsertOrUpdateGeneratorInformix
2025-03-20T21:29:39.585+01:00 DEBUG 28294 --- [iot-sensor-data] [           main] liquibase.servicelocator                 : Loaded liquibase.sqlgenerator.SqlGenerator instance liquibase.sqlgenerator.core.InsertOrUpdateGeneratorMSSQL
2025-03-20T21:29:39.585+01:00 DEBUG 28294 --- [iot-sensor-data] [           main] liquibase.servicelocator                 : Loaded liquibase.sqlgenerator.SqlGenerator instance liquibase.sqlgenerator.core.InsertOrUpdateGeneratorMySQL
2025-03-20T21:29:39.585+01:00 DEBUG 28294 --- [iot-sensor-data] [           main] liquibase.servicelocator                 : Loaded liquibase.sqlgenerator.SqlGenerator instance liquibase.sqlgenerator.core.InsertOrUpdateGeneratorOracle
2025-03-20T21:29:39.585+01:00 DEBUG 28294 --- [iot-sensor-data] [           main] liquibase.servicelocator                 : Loaded liquibase.sqlgenerator.SqlGenerator instance liquibase.sqlgenerator.core.InsertOrUpdateGeneratorPostgres
2025-03-20T21:29:39.585+01:00 DEBUG 28294 --- [iot-sensor-data] [           main] liquibase.servicelocator                 : Loaded liquibase.sqlgenerator.SqlGenerator instance liquibase.sqlgenerator.core.InsertOrUpdateGeneratorSQLite
2025-03-20T21:29:39.585+01:00 DEBUG 28294 --- [iot-sensor-data] [           main] liquibase.servicelocator                 : Loaded liquibase.sqlgenerator.SqlGenerator instance liquibase.sqlgenerator.core.InsertOrUpdateGeneratorSybaseASA
2025-03-20T21:29:39.586+01:00 DEBUG 28294 --- [iot-sensor-data] [           main] liquibase.servicelocator                 : Loaded liquibase.sqlgenerator.SqlGenerator instance liquibase.sqlgenerator.core.InsertSetGenerator
2025-03-20T21:29:39.605+01:00 DEBUG 28294 --- [iot-sensor-data] [           main] liquibase.servicelocator                 : Loaded liquibase.sqlgenerator.SqlGenerator instance liquibase.sqlgenerator.core.LockDatabaseChangeLogGenerator
2025-03-20T21:29:39.606+01:00 DEBUG 28294 --- [iot-sensor-data] [           main] liquibase.servicelocator                 : Loaded liquibase.sqlgenerator.SqlGenerator instance liquibase.sqlgenerator.core.MarkChangeSetRanGenerator
2025-03-20T21:29:39.606+01:00 DEBUG 28294 --- [iot-sensor-data] [           main] liquibase.servicelocator                 : Loaded liquibase.sqlgenerator.SqlGenerator instance liquibase.sqlgenerator.core.ModifyDataTypeGenerator
2025-03-20T21:29:39.606+01:00 DEBUG 28294 --- [iot-sensor-data] [           main] liquibase.servicelocator                 : Loaded liquibase.sqlgenerator.SqlGenerator instance liquibase.sqlgenerator.core.RawParameterizedSqlGenerator
[...]
	ssl.key.password = null
	ssl.keymanager.algorithm = SunX509
	ssl.keystore.certificate.chain = null
	ssl.keystore.key = null
	ssl.keystore.location = null
	ssl.keystore.password = null
	ssl.keystore.type = JKS
	ssl.protocol = TLSv1.3
	ssl.provider = null
	ssl.secure.random.implementation = null
	ssl.trustmanager.algorithm = PKIX
	ssl.truststore.certificates = null
	ssl.truststore.location = null
	ssl.truststore.password = null
	ssl.truststore.type = JKS

2025-03-20T21:29:41.276+01:00  INFO 28294 --- [iot-sensor-data] [           main] o.a.k.clients.admin.AdminClientConfig    : These configurations '[schema.registry.url, specific.avro.reader]' were supplied but are not used yet.
2025-03-20T21:29:41.276+01:00  INFO 28294 --- [iot-sensor-data] [           main] o.a.kafka.common.utils.AppInfoParser     : Kafka version: 3.7.2
2025-03-20T21:29:41.276+01:00  INFO 28294 --- [iot-sensor-data] [           main] o.a.kafka.common.utils.AppInfoParser     : Kafka commitId: 79a8f2b5f44f9d5a
2025-03-20T21:29:41.276+01:00  INFO 28294 --- [iot-sensor-data] [           main] o.a.kafka.common.utils.AppInfoParser     : Kafka startTimeMs: 1742502581276
2025-03-20T21:29:41.457+01:00  INFO 28294 --- [iot-sensor-data] [or-data-admin-0] o.a.kafka.common.utils.AppInfoParser     : App info kafka.admin.client for iot-sensor-data-admin-0 unregistered
2025-03-20T21:29:41.459+01:00  INFO 28294 --- [iot-sensor-data] [or-data-admin-0] o.apache.kafka.common.metrics.Metrics    : Metrics scheduler closed
2025-03-20T21:29:41.459+01:00  INFO 28294 --- [iot-sensor-data] [or-data-admin-0] o.apache.kafka.common.metrics.Metrics    : Closing reporter org.apache.kafka.common.metrics.JmxReporter
2025-03-20T21:29:41.459+01:00  INFO 28294 --- [iot-sensor-data] [or-data-admin-0] o.apache.kafka.common.metrics.Metrics    : Metrics reporters closed
2025-03-20T21:29:41.475+01:00  INFO 28294 --- [iot-sensor-data] [           main] o.a.k.clients.consumer.ConsumerConfig    : ConsumerConfig values: 
	allow.auto.create.topics = true
	auto.commit.interval.ms = 5000
	auto.include.jmx.reporter = true
	auto.offset.reset = earliest
	bootstrap.servers = [localhost:9093]
	check.crcs = true
	client.dns.lookup = use_all_dns_ips
	client.id = consumer-sensor-data.group-1
	client.rack = 
	connections.max.idle.ms = 540000
	default.api.timeout.ms = 60000
	enable.auto.commit = false
	enable.metrics.push = true
	exclude.internal.topics = true
	fetch.max.bytes = 52428800
	fetch.max.wait.ms = 500
	fetch.min.bytes = 1
	group.id = sensor-data.group
	group.instance.id = null
	group.protocol = classic
	group.remote.assignor = null
	heartbeat.interval.ms = 3000
	interceptor.classes = []
	internal.leave.group.on.close = true
	internal.throw.on.fetch.stable.offset.unsupported = false
	isolation.level = read_uncommitted
	key.deserializer = class io.confluent.kafka.serializers.KafkaAvroDeserializer
	max.partition.fetch.bytes = 1048576
	max.poll.interval.ms = 300000
	max.poll.records = 500
	metadata.max.age.ms = 300000
	metric.reporters = []
	metrics.num.samples = 2
	metrics.recording.level = INFO
	metrics.sample.window.ms = 30000
	partition.assignment.strategy = [class org.apache.kafka.clients.consumer.RangeAssignor, class org.apache.kafka.clients.consumer.CooperativeStickyAssignor]
	receive.buffer.bytes = 65536
	reconnect.backoff.max.ms = 1000
	reconnect.backoff.ms = 50
	request.timeout.ms = 30000
	retry.backoff.max.ms = 1000
	retry.backoff.ms = 100
	sasl.client.callback.handler.class = null
	sasl.jaas.config = null
	sasl.kerberos.kinit.cmd = /usr/bin/kinit
	sasl.kerberos.min.time.before.relogin = 60000
	sasl.kerberos.service.name = null
	sasl.kerberos.ticket.renew.jitter = 0.05
	sasl.kerberos.ticket.renew.window.factor = 0.8
	sasl.login.callback.handler.class = null
	sasl.login.class = null
	sasl.login.connect.timeout.ms = null
	sasl.login.read.timeout.ms = null
	sasl.login.refresh.buffer.seconds = 300
	sasl.login.refresh.min.period.seconds = 60
	sasl.login.refresh.window.factor = 0.8
	sasl.login.refresh.window.jitter = 0.05
	sasl.login.retry.backoff.max.ms = 10000
	sasl.login.retry.backoff.ms = 100
	sasl.mechanism = GSSAPI
	sasl.oauthbearer.clock.skew.seconds = 30
	sasl.oauthbearer.expected.audience = null
	sasl.oauthbearer.expected.issuer = null
	sasl.oauthbearer.jwks.endpoint.refresh.ms = 3600000
	sasl.oauthbearer.jwks.endpoint.retry.backoff.max.ms = 10000
	sasl.oauthbearer.jwks.endpoint.retry.backoff.ms = 100
	sasl.oauthbearer.jwks.endpoint.url = null
	sasl.oauthbearer.scope.claim.name = scope
	sasl.oauthbearer.sub.claim.name = sub
	sasl.oauthbearer.token.endpoint.url = null
	security.protocol = PLAINTEXT
	security.providers = null
	send.buffer.bytes = 131072
	session.timeout.ms = 45000
	socket.connection.setup.timeout.max.ms = 30000
	socket.connection.setup.timeout.ms = 10000
	ssl.cipher.suites = null
	ssl.enabled.protocols = [TLSv1.2, TLSv1.3]
	ssl.endpoint.identification.algorithm = https
	ssl.engine.factory.class = null
	ssl.key.password = null
	ssl.keymanager.algorithm = SunX509
	ssl.keystore.certificate.chain = null
	ssl.keystore.key = null
	ssl.keystore.location = null
	ssl.keystore.password = null
	ssl.keystore.type = JKS
	ssl.protocol = TLSv1.3
	ssl.provider = null
	ssl.secure.random.implementation = null
	ssl.trustmanager.algorithm = PKIX
	ssl.truststore.certificates = null
	ssl.truststore.location = null
	ssl.truststore.password = null
	ssl.truststore.type = JKS
	value.deserializer = class io.confluent.kafka.serializers.KafkaAvroDeserializer

2025-03-20T21:29:41.495+01:00  INFO 28294 --- [iot-sensor-data] [           main] o.a.k.c.t.i.KafkaMetricsCollector        : initializing Kafka metrics collector
2025-03-20T21:29:41.519+01:00  INFO 28294 --- [iot-sensor-data] [           main] i.c.k.s.KafkaAvroDeserializerConfig      : KafkaAvroDeserializerConfig values: 
	auto.register.schemas = true
	avro.reflection.allow.null = false
	avro.use.logical.type.converters = false
	basic.auth.credentials.source = URL
	basic.auth.user.info = [hidden]
	bearer.auth.cache.expiry.buffer.seconds = 300
	bearer.auth.client.id = null
	bearer.auth.client.secret = null
	bearer.auth.credentials.source = STATIC_TOKEN
	bearer.auth.custom.provider.class = null
	bearer.auth.identity.pool.id = null
	bearer.auth.issuer.endpoint.url = null
	bearer.auth.logical.cluster = null
	bearer.auth.scope = null
	bearer.auth.scope.claim.name = scope
	bearer.auth.sub.claim.name = sub
	bearer.auth.token = [hidden]
	context.name.strategy = class io.confluent.kafka.serializers.context.NullContextNameStrategy
	http.connect.timeout.ms = 60000
	http.read.timeout.ms = 60000
	id.compatibility.strict = true
	key.subject.name.strategy = class io.confluent.kafka.serializers.subject.TopicNameStrategy
	latest.cache.size = 1000
	latest.cache.ttl.sec = -1
	latest.compatibility.strict = true
	max.schemas.per.subject = 1000
	normalize.schemas = false
	propagate.schema.tags = false
	proxy.host = 
	proxy.port = -1
	rule.actions = []
	rule.executors = []
	rule.service.loader.enable = true
	schema.format = null
	schema.reflection = false
	schema.registry.basic.auth.user.info = [hidden]
	schema.registry.ssl.cipher.suites = null
	schema.registry.ssl.enabled.protocols = [TLSv1.2, TLSv1.3]
	schema.registry.ssl.endpoint.identification.algorithm = https
	schema.registry.ssl.engine.factory.class = null
	schema.registry.ssl.key.password = null
	schema.registry.ssl.keymanager.algorithm = SunX509
	schema.registry.ssl.keystore.certificate.chain = null
	schema.registry.ssl.keystore.key = null
	schema.registry.ssl.keystore.location = null
	schema.registry.ssl.keystore.password = null
	schema.registry.ssl.keystore.type = JKS
	schema.registry.ssl.protocol = TLSv1.3
	schema.registry.ssl.provider = null
	schema.registry.ssl.secure.random.implementation = null
	schema.registry.ssl.trustmanager.algorithm = PKIX
	schema.registry.ssl.truststore.certificates = null
	schema.registry.ssl.truststore.location = null
	schema.registry.ssl.truststore.password = null
	schema.registry.ssl.truststore.type = JKS
	schema.registry.url = [http://localhost:8081]
	specific.avro.key.type = null
	specific.avro.reader = true
	specific.avro.value.type = null
	use.latest.version = false
	use.latest.with.metadata = null
	use.schema.id = -1
	value.subject.name.strategy = class io.confluent.kafka.serializers.subject.TopicNameStrategy

2025-03-20T21:29:41.519+01:00  INFO 28294 --- [iot-sensor-data] [           main] i.c.k.s.KafkaAvroDeserializerConfig      : KafkaAvroDeserializerConfig values: 
	auto.register.schemas = true
	avro.reflection.allow.null = false
	avro.use.logical.type.converters = false
	basic.auth.credentials.source = URL
	basic.auth.user.info = [hidden]
	bearer.auth.cache.expiry.buffer.seconds = 300
	bearer.auth.client.id = null
	bearer.auth.client.secret = null
	bearer.auth.credentials.source = STATIC_TOKEN
	bearer.auth.custom.provider.class = null
	bearer.auth.identity.pool.id = null
	bearer.auth.issuer.endpoint.url = null
	bearer.auth.logical.cluster = null
	bearer.auth.scope = null
	bearer.auth.scope.claim.name = scope
	bearer.auth.sub.claim.name = sub
	bearer.auth.token = [hidden]
	context.name.strategy = class io.confluent.kafka.serializers.context.NullContextNameStrategy
	http.connect.timeout.ms = 60000
	http.read.timeout.ms = 60000
	id.compatibility.strict = true
	key.subject.name.strategy = class io.confluent.kafka.serializers.subject.TopicNameStrategy
	latest.cache.size = 1000
	latest.cache.ttl.sec = -1
	latest.compatibility.strict = true
	max.schemas.per.subject = 1000
	normalize.schemas = false
	propagate.schema.tags = false
	proxy.host = 
	proxy.port = -1
	rule.actions = []
	rule.executors = []
	rule.service.loader.enable = true
	schema.format = null
	schema.reflection = false
	schema.registry.basic.auth.user.info = [hidden]
	schema.registry.ssl.cipher.suites = null
	schema.registry.ssl.enabled.protocols = [TLSv1.2, TLSv1.3]
	schema.registry.ssl.endpoint.identification.algorithm = https
	schema.registry.ssl.engine.factory.class = null
	schema.registry.ssl.key.password = null
	schema.registry.ssl.keymanager.algorithm = SunX509
	schema.registry.ssl.keystore.certificate.chain = null
	schema.registry.ssl.keystore.key = null
	schema.registry.ssl.keystore.location = null
	schema.registry.ssl.keystore.password = null
	schema.registry.ssl.keystore.type = JKS
	schema.registry.ssl.protocol = TLSv1.3
	schema.registry.ssl.provider = null
	schema.registry.ssl.secure.random.implementation = null
	schema.registry.ssl.trustmanager.algorithm = PKIX
	schema.registry.ssl.truststore.certificates = null
	schema.registry.ssl.truststore.location = null
	schema.registry.ssl.truststore.password = null
	schema.registry.ssl.truststore.type = JKS
	schema.registry.url = [http://localhost:8081]
	specific.avro.key.type = null
	specific.avro.reader = true
	specific.avro.value.type = null
	use.latest.version = false
	use.latest.with.metadata = null
	use.schema.id = -1
	value.subject.name.strategy = class io.confluent.kafka.serializers.subject.TopicNameStrategy

2025-03-20T21:29:41.549+01:00  INFO 28294 --- [iot-sensor-data] [           main] i.c.k.s.KafkaAvroDeserializerConfig      : KafkaAvroDeserializerConfig values: 
	auto.register.schemas = true
	avro.reflection.allow.null = false
	avro.use.logical.type.converters = false
	basic.auth.credentials.source = URL
	basic.auth.user.info = [hidden]
	bearer.auth.cache.expiry.buffer.seconds = 300
	bearer.auth.client.id = null
	bearer.auth.client.secret = null
	bearer.auth.credentials.source = STATIC_TOKEN
	bearer.auth.custom.provider.class = null
	bearer.auth.identity.pool.id = null
	bearer.auth.issuer.endpoint.url = null
	bearer.auth.logical.cluster = null
	bearer.auth.scope = null
	bearer.auth.scope.claim.name = scope
	bearer.auth.sub.claim.name = sub
	bearer.auth.token = [hidden]
	context.name.strategy = class io.confluent.kafka.serializers.context.NullContextNameStrategy
	http.connect.timeout.ms = 60000
	http.read.timeout.ms = 60000
	id.compatibility.strict = true
	key.subject.name.strategy = class io.confluent.kafka.serializers.subject.TopicNameStrategy
	latest.cache.size = 1000
	latest.cache.ttl.sec = -1
	latest.compatibility.strict = true
	max.schemas.per.subject = 1000
	normalize.schemas = false
	propagate.schema.tags = false
	proxy.host = 
	proxy.port = -1
	rule.actions = []
	rule.executors = []
	rule.service.loader.enable = true
	schema.format = null
	schema.reflection = false
	schema.registry.basic.auth.user.info = [hidden]
	schema.registry.ssl.cipher.suites = null
	schema.registry.ssl.enabled.protocols = [TLSv1.2, TLSv1.3]
	schema.registry.ssl.endpoint.identification.algorithm = https
	schema.registry.ssl.engine.factory.class = null
	schema.registry.ssl.key.password = null
	schema.registry.ssl.keymanager.algorithm = SunX509
	schema.registry.ssl.keystore.certificate.chain = null
	schema.registry.ssl.keystore.key = null
	schema.registry.ssl.keystore.location = null
	schema.registry.ssl.keystore.password = null
	schema.registry.ssl.keystore.type = JKS
	schema.registry.ssl.protocol = TLSv1.3
	schema.registry.ssl.provider = null
	schema.registry.ssl.secure.random.implementation = null
	schema.registry.ssl.trustmanager.algorithm = PKIX
	schema.registry.ssl.truststore.certificates = null
	schema.registry.ssl.truststore.location = null
	schema.registry.ssl.truststore.password = null
	schema.registry.ssl.truststore.type = JKS
	schema.registry.url = [http://localhost:8081]
	specific.avro.key.type = null
	specific.avro.reader = true
	specific.avro.value.type = null
	use.latest.version = false
	use.latest.with.metadata = null
	use.schema.id = -1
	value.subject.name.strategy = class io.confluent.kafka.serializers.subject.TopicNameStrategy

2025-03-20T21:29:41.549+01:00  INFO 28294 --- [iot-sensor-data] [           main] i.c.k.s.KafkaAvroDeserializerConfig      : KafkaAvroDeserializerConfig values: 
	auto.register.schemas = true
	avro.reflection.allow.null = false
	avro.use.logical.type.converters = false
	basic.auth.credentials.source = URL
	basic.auth.user.info = [hidden]
	bearer.auth.cache.expiry.buffer.seconds = 300
	bearer.auth.client.id = null
	bearer.auth.client.secret = null
	bearer.auth.credentials.source = STATIC_TOKEN
	bearer.auth.custom.provider.class = null
	bearer.auth.identity.pool.id = null
	bearer.auth.issuer.endpoint.url = null
	bearer.auth.logical.cluster = null
	bearer.auth.scope = null
	bearer.auth.scope.claim.name = scope
	bearer.auth.sub.claim.name = sub
	bearer.auth.token = [hidden]
	context.name.strategy = class io.confluent.kafka.serializers.context.NullContextNameStrategy
	http.connect.timeout.ms = 60000
	http.read.timeout.ms = 60000
	id.compatibility.strict = true
	key.subject.name.strategy = class io.confluent.kafka.serializers.subject.TopicNameStrategy
	latest.cache.size = 1000
	latest.cache.ttl.sec = -1
	latest.compatibility.strict = true
	max.schemas.per.subject = 1000
	normalize.schemas = false
	propagate.schema.tags = false
	proxy.host = 
	proxy.port = -1
	rule.actions = []
	rule.executors = []
	rule.service.loader.enable = true
	schema.format = null
	schema.reflection = false
	schema.registry.basic.auth.user.info = [hidden]
	schema.registry.ssl.cipher.suites = null
	schema.registry.ssl.enabled.protocols = [TLSv1.2, TLSv1.3]
	schema.registry.ssl.endpoint.identification.algorithm = https
	schema.registry.ssl.engine.factory.class = null
	schema.registry.ssl.key.password = null
	schema.registry.ssl.keymanager.algorithm = SunX509
	schema.registry.ssl.keystore.certificate.chain = null
	schema.registry.ssl.keystore.key = null
	schema.registry.ssl.keystore.location = null
	schema.registry.ssl.keystore.password = null
	schema.registry.ssl.keystore.type = JKS
	schema.registry.ssl.protocol = TLSv1.3
	schema.registry.ssl.provider = null
	schema.registry.ssl.secure.random.implementation = null
	schema.registry.ssl.trustmanager.algorithm = PKIX
	schema.registry.ssl.truststore.certificates = null
	schema.registry.ssl.truststore.location = null
	schema.registry.ssl.truststore.password = null
	schema.registry.ssl.truststore.type = JKS
	schema.registry.url = [http://localhost:8081]
	specific.avro.key.type = null
	specific.avro.reader = true
	specific.avro.value.type = null
	use.latest.version = false
	use.latest.with.metadata = null
	use.schema.id = -1
	value.subject.name.strategy = class io.confluent.kafka.serializers.subject.TopicNameStrategy

2025-03-20T21:29:41.570+01:00  INFO 28294 --- [iot-sensor-data] [           main] o.a.k.clients.consumer.ConsumerConfig    : These configurations '[schema.registry.url, specific.avro.reader]' were supplied but are not used yet.
2025-03-20T21:29:41.570+01:00  INFO 28294 --- [iot-sensor-data] [           main] o.a.kafka.common.utils.AppInfoParser     : Kafka version: 3.7.2
2025-03-20T21:29:41.570+01:00  INFO 28294 --- [iot-sensor-data] [           main] o.a.kafka.common.utils.AppInfoParser     : Kafka commitId: 79a8f2b5f44f9d5a
2025-03-20T21:29:41.570+01:00  INFO 28294 --- [iot-sensor-data] [           main] o.a.kafka.common.utils.AppInfoParser     : Kafka startTimeMs: 1742502581570
2025-03-20T21:29:41.571+01:00  INFO 28294 --- [iot-sensor-data] [           main] o.a.k.c.c.internals.LegacyKafkaConsumer  : [Consumer clientId=consumer-sensor-data.group-1, groupId=sensor-data.group] Subscribed to topic(s): sensor-data
2025-03-20T21:29:41.581+01:00  INFO 28294 --- [iot-sensor-data] [           main] c.r.i.s.d.c.AuthenticationControllerTest : Started AuthenticationControllerTest in 3.445 seconds (process running for 5.726)
2025-03-20T21:29:41.587+01:00  INFO 28294 --- [iot-sensor-data] [ntainer#0-0-C-1] org.apache.kafka.clients.Metadata        : [Consumer clientId=consumer-sensor-data.group-1, groupId=sensor-data.group] Cluster ID: 1NPLsuiGS6e9Er8ibkzCBQ
2025-03-20T21:29:41.588+01:00  INFO 28294 --- [iot-sensor-data] [ntainer#0-0-C-1] o.a.k.c.c.internals.ConsumerCoordinator  : [Consumer clientId=consumer-sensor-data.group-1, groupId=sensor-data.group] Discovered group coordinator localhost:9093 (id: 2147483646 rack: null)
2025-03-20T21:29:41.590+01:00  INFO 28294 --- [iot-sensor-data] [ntainer#0-0-C-1] o.a.k.c.c.internals.ConsumerCoordinator  : [Consumer clientId=consumer-sensor-data.group-1, groupId=sensor-data.group] (Re-)joining group
2025-03-20T21:29:41.612+01:00  INFO 28294 --- [iot-sensor-data] [ntainer#0-0-C-1] o.a.k.c.c.internals.ConsumerCoordinator  : [Consumer clientId=consumer-sensor-data.group-1, groupId=sensor-data.group] Request joining group due to: need to re-join with the given member-id: consumer-sensor-data.group-1-3adfdb4e-c134-47b0-80e1-7f9fa5e8bcbd
2025-03-20T21:29:41.613+01:00  INFO 28294 --- [iot-sensor-data] [ntainer#0-0-C-1] o.a.k.c.c.internals.ConsumerCoordinator  : [Consumer clientId=consumer-sensor-data.group-1, groupId=sensor-data.group] (Re-)joining group
2025-03-20T21:29:41.626+01:00 DEBUG 28294 --- [iot-sensor-data] [           main] o.s.security.web.FilterChainProxy        : Securing POST /api/v1/sensors/login
2025-03-20T21:29:41.629+01:00 DEBUG 28294 --- [iot-sensor-data] [           main] o.s.security.web.FilterChainProxy        : Secured POST /api/v1/sensors/login
2025-03-20T21:29:41.671+01:00 DEBUG 28294 --- [iot-sensor-data] [           main] o.s.s.w.a.AnonymousAuthenticationFilter  : Set SecurityContextHolder to anonymous SecurityContext
]]></system-out>
  </testcase>
  <testcase name="testCreateUser" classname="com.relay42.iot.sensor.data.controller.AuthenticationControllerTest" time="0.032">
    <system-out><![CDATA[2025-03-20T21:29:41.696+01:00 DEBUG 28294 --- [iot-sensor-data] [           main] o.s.security.web.FilterChainProxy        : Securing POST /api/v1/sensors/register
2025-03-20T21:29:41.696+01:00 DEBUG 28294 --- [iot-sensor-data] [           main] o.s.security.web.FilterChainProxy        : Secured POST /api/v1/sensors/register
2025-03-20T21:29:41.722+01:00 DEBUG 28294 --- [iot-sensor-data] [           main] o.s.s.w.a.AnonymousAuthenticationFilter  : Set SecurityContextHolder to anonymous SecurityContext
]]></system-out>
  </testcase>
</testsuite>