<?xml version="1.0" encoding="UTF-8"?>
<testsuite xmlns:xsi="http://www.w3.org/2001/XMLSchema-instance" xsi:noNamespaceSchemaLocation="https://maven.apache.org/surefire/maven-surefire-plugin/xsd/surefire-test-report-3.0.xsd" version="3.0" name="com.relay42.iot.sensor.data.IotSensorDataApplicationTests" time="0.49" tests="1" errors="0" skipped="0" failures="0">
  <properties>
[...]
</properties>
  <testcase name="contextLoads" classname="com.relay42.iot.sensor.data.IotSensorDataApplicationTests" time="0.001">
    <system-out><![CDATA[2025-03-20T21:29:42.381+01:00  INFO 28294 --- [iot-sensor-data] [           main] t.c.s.AnnotationConfigContextLoaderUtils : Could not detect default configuration classes for test class [com.relay42.iot.sensor.data.IotSensorDataApplicationTests]: IotSensorDataApplicationTests does not declare any static, non-private, non-final, nested classes annotated with @Configuration.
2025-03-20T21:29:42.388+01:00  INFO 28294 --- [iot-sensor-data] [           main] .b.t.c.SpringBootTestContextBootstrapper : Found @SpringBootConfiguration com.relay42.iot.sensor.data.IoTSensorDataApplication for test class com.relay42.iot.sensor.data.IotSensorDataApplicationTests

  .   ____          _            __ _ _
 /\\ / ___'_ __ _ _(_)_ __  __ _ \ \ \ \
( ( )\___ | '_ | '_| | '_ \/ _` | \ \ \ \
 \\/  ___)| |_)| | | | | || (_| |  ) ) ) )
  '  |____| .__|_| |_|_| |_\__, | / / / /
 =========|_|==============|___/=/_/_/_/

 :: Spring Boot ::                (v3.3.9)

2025-03-20T21:29:42.406+01:00  INFO 28294 --- [iot-sensor-data] [           main] c.r.i.s.d.IotSensorDataApplicationTests  : Starting IotSensorDataApplicationTests using Java 21.0.6 with PID 28294 (started by naresh in /Users/naresh/personal/code/iot-sensor-data)
2025-03-20T21:29:42.406+01:00  INFO 28294 --- [iot-sensor-data] [           main] c.r.i.s.d.IotSensorDataApplicationTests  : No active profile set, falling back to 1 default profile: "default"
2025-03-20T21:29:42.500+01:00  INFO 28294 --- [iot-sensor-data] [           main] .s.d.r.c.RepositoryConfigurationDelegate : Bootstrapping Spring Data JPA repositories in DEFAULT mode.
2025-03-20T21:29:42.513+01:00  INFO 28294 --- [iot-sensor-data] [           main] .s.d.r.c.RepositoryConfigurationDelegate : Finished Spring Data repository scanning in 12 ms. Found 2 JPA repository interfaces.
2025-03-20T21:29:42.551+01:00  INFO 28294 --- [iot-sensor-data] [           main] com.zaxxer.hikari.HikariDataSource       : HikariPool-3 - Starting...
2025-03-20T21:29:42.579+01:00  INFO 28294 --- [iot-sensor-data] [           main] com.zaxxer.hikari.pool.HikariPool        : HikariPool-3 - Added connection com.mysql.cj.jdbc.ConnectionImpl@7330574d
2025-03-20T21:29:42.579+01:00  INFO 28294 --- [iot-sensor-data] [           main] com.zaxxer.hikari.HikariDataSource       : HikariPool-3 - Start completed.
2025-03-20T21:29:42.581+01:00 DEBUG 28294 --- [iot-sensor-data] [           main] liquibase.database                       : Connected to root@192.168.127.1@jdbc:mysql://localhost:3307/SensorReading
2025-03-20T21:29:42.581+01:00 DEBUG 28294 --- [iot-sensor-data] [           main] liquibase.database                       : Setting auto commit to false from true
2025-03-20T21:29:42.583+01:00 DEBUG 28294 --- [iot-sensor-data] [           main] liquibase.configuration                  : Found 'liquibase.command.update.changelogParameters' configuration of 'liquibase.changelog.ChangeLogParameters@147c3a88'
    command argument 'changelogParameters' of 'liquibase.changelog.ChangeLogParameters@147c3a88'
2025-03-20T21:29:42.585+01:00 DEBUG 28294 --- [iot-sensor-data] [           main] liquibase.configuration                  : Configuration liquibase.command.update.showSummary is using the default value of SUMMARY
2025-03-20T21:29:42.585+01:00 DEBUG 28294 --- [iot-sensor-data] [           main] liquibase.configuration                  : Configuration liquibase.command.showSummary is using the default value of SUMMARY
2025-03-20T21:29:42.585+01:00 DEBUG 28294 --- [iot-sensor-data] [           main] liquibase.configuration                  : Configuration liquibase.command.update.skipDatabaseStep is using the default value of false
2025-03-20T21:29:42.585+01:00 DEBUG 28294 --- [iot-sensor-data] [           main] liquibase.configuration                  : Configuration liquibase.command.skipDatabaseStep is using the default value of false
2025-03-20T21:29:42.585+01:00 DEBUG 28294 --- [iot-sensor-data] [           main] liquibase.configuration                  : No configuration value for liquibase.command.update.updateNullChecksums found
2025-03-20T21:29:42.585+01:00 DEBUG 28294 --- [iot-sensor-data] [           main] liquibase.configuration                  : Configuration liquibase.command.update.updateNullChecksums is using the default value of false
2025-03-20T21:29:42.585+01:00 DEBUG 28294 --- [iot-sensor-data] [           main] liquibase.configuration                  : Configuration liquibase.command.updateNullChecksums is using the default value of false
2025-03-20T21:29:42.587+01:00 DEBUG 28294 --- [iot-sensor-data] [           main] liquibase.command                        : Pipeline for command 'update: liquibase.command.core.helpers.DbUrlConnectionArgumentsCommandStep then liquibase.command.core.helpers.ShowSummaryArgument then liquibase.command.core.helpers.DbUrlConnectionCommandStep then liquibase.command.core.helpers.DatabaseChangelogCommandStep then liquibase.command.core.helpers.ChangeExecListenerCommandStep then liquibase.command.core.UpdateCommandStep
2025-03-20T21:29:42.587+01:00 DEBUG 28294 --- [iot-sensor-data] [           main] liquibase.command                        : Writing output with encoding 'UTF-8'
2025-03-20T21:29:42.587+01:00 DEBUG 28294 --- [iot-sensor-data] [           main] liquibase.command                        : Executing internal command dbUrlConnectionArguments
2025-03-20T21:29:42.587+01:00 DEBUG 28294 --- [iot-sensor-data] [           main] liquibase.command                        : Executing internal command showSummary
2025-03-20T21:29:42.587+01:00 DEBUG 28294 --- [iot-sensor-data] [           main] liquibase.configuration                  : Configuration liquibase.command.update.showSummary is using the default value of SUMMARY
2025-03-20T21:29:42.587+01:00 DEBUG 28294 --- [iot-sensor-data] [           main] liquibase.configuration                  : Configuration liquibase.command.showSummary is using the default value of SUMMARY
2025-03-20T21:29:42.587+01:00 DEBUG 28294 --- [iot-sensor-data] [           main] liquibase.command                        : Executing internal command dbUrlConnectionCommandStep
2025-03-20T21:29:42.587+01:00 DEBUG 28294 --- [iot-sensor-data] [           main] liquibase.configuration                  : Configuration liquibase.command.update.skipDatabaseStep is using the default value of false
2025-03-20T21:29:42.587+01:00 DEBUG 28294 --- [iot-sensor-data] [           main] liquibase.configuration                  : Configuration liquibase.command.skipDatabaseStep is using the default value of false
2025-03-20T21:29:42.590+01:00 DEBUG 28294 --- [iot-sensor-data] [           main] liquibase.command                        : Executing internal command changelogCommandStep
2025-03-20T21:29:42.590+01:00 DEBUG 28294 --- [iot-sensor-data] [           main] liquibase.parser                         : Matched file 'classpath:liquibase/changelog-master.xml' to parser 'XMLChangeLogSAXParser'
2025-03-20T21:29:42.591+01:00 DEBUG 28294 --- [iot-sensor-data] [           main] liquibase.parser                         : Resolving XML entity name='null', publicId='null', baseURI='null', systemId='https://www.liquibase.org/xml/ns/dbchangelog/dbchangelog-4.4.xsd'
2025-03-20T21:29:42.602+01:00 DEBUG 28294 --- [iot-sensor-data] [           main] liquibase.configuration                  : Found 'liquibase.command.update.updateNullChecksums' configuration of 'true'
    command argument 'updateNullChecksums' of 'true'
2025-03-20T21:29:42.633+01:00 DEBUG 28294 --- [iot-sensor-data] [           main] liquibase.executor                       : Changelog query completed.
2025-03-20T21:29:42.636+01:00  INFO 28294 --- [iot-sensor-data] [           main] liquibase.changelog                      : Reading from SensorReading.DATABASECHANGELOG
2025-03-20T21:29:42.638+01:00 DEBUG 28294 --- [iot-sensor-data] [           main] liquibase.executor                       : Changelog query completed.
2025-03-20T21:29:42.639+01:00 DEBUG 28294 --- [iot-sensor-data] [           main] liquibase.servicelocator                 : Loaded liquibase.lockservice.LockService instance liquibase.lockservice.LockServiceImpl
2025-03-20T21:29:42.639+01:00 DEBUG 28294 --- [iot-sensor-data] [           main] liquibase.servicelocator                 : Loaded liquibase.lockservice.LockService instance liquibase.lockservice.MockLockService
2025-03-20T21:29:42.639+01:00 DEBUG 28294 --- [iot-sensor-data] [           main] liquibase.servicelocator                 : Loaded liquibase.lockservice.LockService instance liquibase.lockservice.OfflineLockService
2025-03-20T21:29:42.639+01:00 DEBUG 28294 --- [iot-sensor-data] [           main] liquibase.servicelocator                 : Loaded liquibase.lockservice.LockService instance liquibase.lockservice.StandardLockService
2025-03-20T21:29:42.644+01:00 DEBUG 28294 --- [iot-sensor-data] [           main] liquibase.executor                       : Changelog query completed.
2025-03-20T21:29:42.646+01:00 DEBUG 28294 --- [iot-sensor-data] [           main] liquibase.util                           : Computed checksum for createTable:[
    columns=[
        [
            [
                nullable="false"
                primaryKey="true"
                primaryKeyName="pk_SensorReading"
            ]
            autoIncrement="true"
            name="Id"
            type="BIGINT"
        ],
        [
            [
                nullable="false"
            ]
            name="Sensor_Id"
            type="VARCHAR(100)"
        ],
        [
            [
                nullable="false"
            ]
           ... [truncated in log] as 50a8bcabcd5cf1292ab287eeb32bdf94
2025-03-20T21:29:42.646+01:00 DEBUG 28294 --- [iot-sensor-data] [           main] liquibase.util                           : Computed checksum for 9:50a8bcabcd5cf1292ab287eeb32bdf94: as 51589466762a7424e46f97f1a1eae081
2025-03-20T21:29:42.646+01:00 DEBUG 28294 --- [iot-sensor-data] [           main] liquibase.util                           : Computed checksum for createIndex:[
    columns=[
        [
            name="Sensor_Id"
        ]
    ]
    indexName="idx_sensor_readings_sensor_id"
    tableName="SensorReading"
] as e579309f37b9d8265b3788caa127a8a2
2025-03-20T21:29:42.646+01:00 DEBUG 28294 --- [iot-sensor-data] [           main] liquibase.util                           : Computed checksum for createIndex:[
    columns=[
        [
            name="Sensor_Type"
        ]
    ]
    indexName="idx_sensor_readings_sensor_type"
    tableName="SensorReading"
] as 00ba1e8a20fec2b4864ccfe271340d65
2025-03-20T21:29:42.647+01:00 DEBUG 28294 --- [iot-sensor-data] [           main] liquibase.util                           : Computed checksum for createIndex:[
    columns=[
        [
            name="Reading_At"
        ]
    ]
    indexName="idx_sensor_readings_reading_timestamp"
    tableName="SensorReading"
] as 249119ad277917d202419063d9c3cdec
2025-03-20T21:29:42.647+01:00 DEBUG 28294 --- [iot-sensor-data] [           main] liquibase.util                           : Computed checksum for createIndex:[
    columns=[
        [
            name="Sensor_Id"
        ],
        [
            name="Sensor_Type"
        ],
        [
            name="Reading_At"
        ]
    ]
    indexName="idx_sensor_readings_sensorid_timestamp"
    tableName="SensorReading"
] as 4615e422e0eb0a5777ab1a342e1e60ee
2025-03-20T21:29:42.647+01:00 DEBUG 28294 --- [iot-sensor-data] [           main] liquibase.util                           : Computed checksum for 9:e579309f37b9d8265b3788caa127a8a2:9:00ba1e8a20fec2b4864ccfe271340d65:9:249119ad277917d202419063d9c3cdec:9:4615e422e0eb0a5777ab1a342e1e60ee: as 0857c932dc17e1809464565e831ceff7
2025-03-20T21:29:42.647+01:00 DEBUG 28294 --- [iot-sensor-data] [           main] liquibase.util                           : Computed checksum for createTable:[
    columns=[
        [
            [
                nullable="false"
                primaryKey="true"
                primaryKeyName="pk_user"
            ]
            autoIncrement="true"
            name="Id"
            type="BIGINT"
        ],
        [
            [
                nullable="false"
            ]
            name="username"
            type="VARCHAR(100)"
        ],
        [
            [
                nullable="false"
            ]
            name="ema... [truncated in log] as c963f7dbf14c0cb68b352f68e87da56a
2025-03-20T21:29:42.647+01:00 DEBUG 28294 --- [iot-sensor-data] [           main] liquibase.util                           : Computed checksum for 9:c963f7dbf14c0cb68b352f68e87da56a: as b36d33471010a2cc0d50ede0c1c1920c
2025-03-20T21:29:42.647+01:00 DEBUG 28294 --- [iot-sensor-data] [           main] liquibase.util                           : Computed checksum for addUniqueConstraint:[
    columnNames="email"
    constraintName="unique_email_constraint"
    tableName="User"
] as ea8e99d3f69f96de1941a4f8e14f5b6c
2025-03-20T21:29:42.648+01:00 DEBUG 28294 --- [iot-sensor-data] [           main] liquibase.util                           : Computed checksum for createIndex:[
    columns=[
        [
            name="email"
        ]
    ]
    indexName="idx_user_email"
    tableName="User"
] as ef14ee2b1bf56212531dd61b827c142b
2025-03-20T21:29:42.648+01:00 DEBUG 28294 --- [iot-sensor-data] [           main] liquibase.util                           : Computed checksum for 9:ea8e99d3f69f96de1941a4f8e14f5b6c:9:ef14ee2b1bf56212531dd61b827c142b: as f7ffa7014c02122e1bb6717c7900c65f
2025-03-20T21:29:42.648+01:00 DEBUG 28294 --- [iot-sensor-data] [           main] liquibase.util                           : Computed checksum for inputStream as 921b60e0df5d8fa400621474ef291c62
2025-03-20T21:29:42.648+01:00 DEBUG 28294 --- [iot-sensor-data] [           main] liquibase.util                           : Computed checksum for 9:921b60e0df5d8fa400621474ef291c62: as 1ace29a327839cce72eafbb643fe2e65
2025-03-20T21:29:42.648+01:00 DEBUG 28294 --- [iot-sensor-data] [           main] liquibase.command                        : Executing internal command changeExecListener
2025-03-20T21:29:42.648+01:00 DEBUG 28294 --- [iot-sensor-data] [           main] liquibase.command                        : Executing internal command update migrate
2025-03-20T21:29:42.648+01:00  INFO 28294 --- [iot-sensor-data] [           main] liquibase.ui                             : Database is up to date, no changesets to execute
2025-03-20T21:29:42.649+01:00  INFO 28294 --- [iot-sensor-data] [           main] liquibase.util                           : UPDATE SUMMARY
2025-03-20T21:29:42.649+01:00  INFO 28294 --- [iot-sensor-data] [           main] liquibase.util                           : Run:                          0
2025-03-20T21:29:42.649+01:00  INFO 28294 --- [iot-sensor-data] [           main] liquibase.util                           : Previously run:               5
2025-03-20T21:29:42.649+01:00  INFO 28294 --- [iot-sensor-data] [           main] liquibase.util                           : Filtered out:                 0
2025-03-20T21:29:42.649+01:00  INFO 28294 --- [iot-sensor-data] [           main] liquibase.util                           : -------------------------------
2025-03-20T21:29:42.649+01:00  INFO 28294 --- [iot-sensor-data] [           main] liquibase.util                           : Total change sets:            5
2025-03-20T21:29:42.649+01:00  INFO 28294 --- [iot-sensor-data] [           main] liquibase.util                           : Update summary generated
2025-03-20T21:29:42.649+01:00 DEBUG 28294 --- [iot-sensor-data] [           main] liquibase.executor                       : Release Database Lock
2025-03-20T21:29:42.651+01:00 DEBUG 28294 --- [iot-sensor-data] [           main] liquibase.executor                       : Changelog query completed.
2025-03-20T21:29:42.652+01:00  INFO 28294 --- [iot-sensor-data] [           main] liquibase.lockservice                    : Successfully released change log lock
2025-03-20T21:29:42.652+01:00  INFO 28294 --- [iot-sensor-data] [           main] liquibase.command                        : Command execution complete
2025-03-20T21:29:42.667+01:00  INFO 28294 --- [iot-sensor-data] [           main] o.hibernate.jpa.internal.util.LogHelper  : HHH000204: Processing PersistenceUnitInfo [name: default]
2025-03-20T21:29:42.668+01:00  INFO 28294 --- [iot-sensor-data] [           main] o.h.c.internal.RegionFactoryInitiator    : HHH000026: Second-level cache disabled
2025-03-20T21:29:42.672+01:00  INFO 28294 --- [iot-sensor-data] [           main] o.s.o.j.p.SpringPersistenceUnitInfo      : No LoadTimeWeaver setup: ignoring JPA class transformer
2025-03-20T21:29:42.674+01:00  WARN 28294 --- [iot-sensor-data] [           main] org.hibernate.orm.deprecation            : HHH90000025: MySQLDialect does not need to be specified explicitly using 'hibernate.dialect' (remove the property setting and it will be selected by default)
2025-03-20T21:29:42.700+01:00  INFO 28294 --- [iot-sensor-data] [           main] o.h.e.t.j.p.i.JtaPlatformInitiator       : HHH000489: No JTA platform available (set 'hibernate.transaction.jta.platform' to enable JTA platform integration)
2025-03-20T21:29:42.700+01:00  INFO 28294 --- [iot-sensor-data] [           main] j.LocalContainerEntityManagerFactoryBean : Initialized JPA EntityManagerFactory for persistence unit 'default'
2025-03-20T21:29:42.724+01:00  INFO 28294 --- [iot-sensor-data] [           main] r$InitializeUserDetailsManagerConfigurer : Global AuthenticationManager configured with UserDetailsService bean with name customUserDetailsService
2025-03-20T21:29:42.784+01:00 DEBUG 28294 --- [iot-sensor-data] [           main] o.s.s.web.DefaultSecurityFilterChain     : Will secure any request with filters: DisableEncodeUrlFilter, WebAsyncManagerIntegrationFilter, SecurityContextHolderFilter, HeaderWriterFilter, LogoutFilter, JwtRequestFilter, UsernamePasswordAuthenticationFilter, DefaultLoginPageGeneratingFilter, DefaultLogoutPageGeneratingFilter, BasicAuthenticationFilter, RequestCacheAwareFilter, SecurityContextHolderAwareRequestFilter, AnonymousAuthenticationFilter, ExceptionTranslationFilter, AuthorizationFilter
2025-03-20T21:29:42.844+01:00  INFO 28294 --- [iot-sensor-data] [           main] o.a.k.clients.admin.AdminClientConfig    : AdminClientConfig values: 
	auto.include.jmx.reporter = true
	bootstrap.controllers = []
	bootstrap.servers = [localhost:9093]
	client.dns.lookup = use_all_dns_ips
	client.id = iot-sensor-data-admin-2
	connections.max.idle.ms = 300000
	default.api.timeout.ms = 60000
	enable.metrics.push = true
	metadata.max.age.ms = 300000
	metric.reporters = []
	metrics.num.samples = 2
	metrics.recording.level = INFO
	metrics.sample.window.ms = 30000
	receive.buffer.bytes = 65536
	reconnect.backoff.max.ms = 1000
	reconnect.backoff.ms = 50
	request.timeout.ms = 30000
	retries = 2147483647
	retry.backoff.max.ms = 1000
	retry.backoff.ms = 100
	sasl.client.callback.handler.class = null
	sasl.jaas.config = null
	sasl.kerberos.kinit.cmd = /usr/bin/kinit
	sasl.kerberos.min.time.before.relogin = 60000
	sasl.kerberos.service.name = null
	sasl.kerberos.ticket.renew.jitter = 0.05
	sasl.kerberos.ticket.renew.window.factor = 0.8
	sasl.login.callback.handler.class = null
	sasl.login.class = null
	sasl.login.connect.timeout.ms = null
	sasl.login.read.timeout.ms = null
	sasl.login.refresh.buffer.seconds = 300
	sasl.login.refresh.min.period.seconds = 60
	sasl.login.refresh.window.factor = 0.8
	sasl.login.refresh.window.jitter = 0.05
	sasl.login.retry.backoff.max.ms = 10000
	sasl.login.retry.backoff.ms = 100
	sasl.mechanism = GSSAPI
	sasl.oauthbearer.clock.skew.seconds = 30
	sasl.oauthbearer.expected.audience = null
	sasl.oauthbearer.expected.issuer = null
	sasl.oauthbearer.jwks.endpoint.refresh.ms = 3600000
	sasl.oauthbearer.jwks.endpoint.retry.backoff.max.ms = 10000
	sasl.oauthbearer.jwks.endpoint.retry.backoff.ms = 100
	sasl.oauthbearer.jwks.endpoint.url = null
	sasl.oauthbearer.scope.claim.name = scope
	sasl.oauthbearer.sub.claim.name = sub
	sasl.oauthbearer.token.endpoint.url = null
	security.protocol = PLAINTEXT
	security.providers = null
	send.buffer.bytes = 131072
	socket.connection.setup.timeout.max.ms = 30000
	socket.connection.setup.timeout.ms = 10000
	ssl.cipher.suites = null
	ssl.enabled.protocols = [TLSv1.2, TLSv1.3]
	ssl.endpoint.identification.algorithm = https
	ssl.engine.factory.class = null
	ssl.key.password = null
	ssl.keymanager.algorithm = SunX509
	ssl.keystore.certificate.chain = null
	ssl.keystore.key = null
	ssl.keystore.location = null
	ssl.keystore.password = null
	ssl.keystore.type = JKS
	ssl.protocol = TLSv1.3
	ssl.provider = null
	ssl.secure.random.implementation = null
	ssl.trustmanager.algorithm = PKIX
	ssl.truststore.certificates = null
	ssl.truststore.location = null
	ssl.truststore.password = null
	ssl.truststore.type = JKS

2025-03-20T21:29:42.845+01:00  INFO 28294 --- [iot-sensor-data] [           main] o.a.k.clients.admin.AdminClientConfig    : These configurations '[schema.registry.url, specific.avro.reader]' were supplied but are not used yet.
2025-03-20T21:29:42.845+01:00  INFO 28294 --- [iot-sensor-data] [           main] o.a.kafka.common.utils.AppInfoParser     : Kafka version: 3.7.2
2025-03-20T21:29:42.845+01:00  INFO 28294 --- [iot-sensor-data] [           main] o.a.kafka.common.utils.AppInfoParser     : Kafka commitId: 79a8f2b5f44f9d5a
2025-03-20T21:29:42.845+01:00  INFO 28294 --- [iot-sensor-data] [           main] o.a.kafka.common.utils.AppInfoParser     : Kafka startTimeMs: 1742502582845
2025-03-20T21:29:42.857+01:00  INFO 28294 --- [iot-sensor-data] [or-data-admin-2] o.a.kafka.common.utils.AppInfoParser     : App info kafka.admin.client for iot-sensor-data-admin-2 unregistered
2025-03-20T21:29:42.859+01:00  INFO 28294 --- [iot-sensor-data] [or-data-admin-2] o.apache.kafka.common.metrics.Metrics    : Metrics scheduler closed
2025-03-20T21:29:42.859+01:00  INFO 28294 --- [iot-sensor-data] [or-data-admin-2] o.apache.kafka.common.metrics.Metrics    : Closing reporter org.apache.kafka.common.metrics.JmxReporter
2025-03-20T21:29:42.859+01:00  INFO 28294 --- [iot-sensor-data] [or-data-admin-2] o.apache.kafka.common.metrics.Metrics    : Metrics reporters closed
2025-03-20T21:29:42.860+01:00  INFO 28294 --- [iot-sensor-data] [           main] o.a.k.clients.consumer.ConsumerConfig    : ConsumerConfig values: 
	allow.auto.create.topics = true
	auto.commit.interval.ms = 5000
	auto.include.jmx.reporter = true
	auto.offset.reset = earliest
	bootstrap.servers = [localhost:9093]
	check.crcs = true
	client.dns.lookup = use_all_dns_ips
	client.id = consumer-sensor-data.group-3
	client.rack = 
	connections.max.idle.ms = 540000
	default.api.timeout.ms = 60000
	enable.auto.commit = false
	enable.metrics.push = true
	exclude.internal.topics = true
	fetch.max.bytes = 52428800
	fetch.max.wait.ms = 500
	fetch.min.bytes = 1
	group.id = sensor-data.group
	group.instance.id = null
	group.protocol = classic
	group.remote.assignor = null
	heartbeat.interval.ms = 3000
	interceptor.classes = []
	internal.leave.group.on.close = true
	internal.throw.on.fetch.stable.offset.unsupported = false
	isolation.level = read_uncommitted
	key.deserializer = class io.confluent.kafka.serializers.KafkaAvroDeserializer
	max.partition.fetch.bytes = 1048576
	max.poll.interval.ms = 300000
	max.poll.records = 500
	metadata.max.age.ms = 300000
	metric.reporters = []
	metrics.num.samples = 2
	metrics.recording.level = INFO
	metrics.sample.window.ms = 30000
	partition.assignment.strategy = [class org.apache.kafka.clients.consumer.RangeAssignor, class org.apache.kafka.clients.consumer.CooperativeStickyAssignor]
	receive.buffer.bytes = 65536
	reconnect.backoff.max.ms = 1000
	reconnect.backoff.ms = 50
	request.timeout.ms = 30000
	retry.backoff.max.ms = 1000
	retry.backoff.ms = 100
	sasl.client.callback.handler.class = null
	sasl.jaas.config = null
	sasl.kerberos.kinit.cmd = /usr/bin/kinit
	sasl.kerberos.min.time.before.relogin = 60000
	sasl.kerberos.service.name = null
	sasl.kerberos.ticket.renew.jitter = 0.05
	sasl.kerberos.ticket.renew.window.factor = 0.8
	sasl.login.callback.handler.class = null
	sasl.login.class = null
	sasl.login.connect.timeout.ms = null
	sasl.login.read.timeout.ms = null
	sasl.login.refresh.buffer.seconds = 300
	sasl.login.refresh.min.period.seconds = 60
	sasl.login.refresh.window.factor = 0.8
	sasl.login.refresh.window.jitter = 0.05
	sasl.login.retry.backoff.max.ms = 10000
	sasl.login.retry.backoff.ms = 100
	sasl.mechanism = GSSAPI
	sasl.oauthbearer.clock.skew.seconds = 30
	sasl.oauthbearer.expected.audience = null
	sasl.oauthbearer.expected.issuer = null
	sasl.oauthbearer.jwks.endpoint.refresh.ms = 3600000
	sasl.oauthbearer.jwks.endpoint.retry.backoff.max.ms = 10000
	sasl.oauthbearer.jwks.endpoint.retry.backoff.ms = 100
	sasl.oauthbearer.jwks.endpoint.url = null
	sasl.oauthbearer.scope.claim.name = scope
	sasl.oauthbearer.sub.claim.name = sub
	sasl.oauthbearer.token.endpoint.url = null
	security.protocol = PLAINTEXT
	security.providers = null
	send.buffer.bytes = 131072
	session.timeout.ms = 45000
	socket.connection.setup.timeout.max.ms = 30000
	socket.connection.setup.timeout.ms = 10000
	ssl.cipher.suites = null
	ssl.enabled.protocols = [TLSv1.2, TLSv1.3]
	ssl.endpoint.identification.algorithm = https
	ssl.engine.factory.class = null
	ssl.key.password = null
	ssl.keymanager.algorithm = SunX509
	ssl.keystore.certificate.chain = null
	ssl.keystore.key = null
	ssl.keystore.location = null
	ssl.keystore.password = null
	ssl.keystore.type = JKS
	ssl.protocol = TLSv1.3
	ssl.provider = null
	ssl.secure.random.implementation = null
	ssl.trustmanager.algorithm = PKIX
	ssl.truststore.certificates = null
	ssl.truststore.location = null
	ssl.truststore.password = null
	ssl.truststore.type = JKS
	value.deserializer = class io.confluent.kafka.serializers.KafkaAvroDeserializer

2025-03-20T21:29:42.861+01:00  INFO 28294 --- [iot-sensor-data] [           main] o.a.k.c.t.i.KafkaMetricsCollector        : initializing Kafka metrics collector
2025-03-20T21:29:42.861+01:00  INFO 28294 --- [iot-sensor-data] [           main] i.c.k.s.KafkaAvroDeserializerConfig      : KafkaAvroDeserializerConfig values: 
	auto.register.schemas = true
	avro.reflection.allow.null = false
	avro.use.logical.type.converters = false
	basic.auth.credentials.source = URL
	basic.auth.user.info = [hidden]
	bearer.auth.cache.expiry.buffer.seconds = 300
	bearer.auth.client.id = null
	bearer.auth.client.secret = null
	bearer.auth.credentials.source = STATIC_TOKEN
	bearer.auth.custom.provider.class = null
	bearer.auth.identity.pool.id = null
	bearer.auth.issuer.endpoint.url = null
	bearer.auth.logical.cluster = null
	bearer.auth.scope = null
	bearer.auth.scope.claim.name = scope
	bearer.auth.sub.claim.name = sub
	bearer.auth.token = [hidden]
	context.name.strategy = class io.confluent.kafka.serializers.context.NullContextNameStrategy
	http.connect.timeout.ms = 60000
	http.read.timeout.ms = 60000
	id.compatibility.strict = true
	key.subject.name.strategy = class io.confluent.kafka.serializers.subject.TopicNameStrategy
	latest.cache.size = 1000
	latest.cache.ttl.sec = -1
	latest.compatibility.strict = true
	max.schemas.per.subject = 1000
	normalize.schemas = false
	propagate.schema.tags = false
	proxy.host = 
	proxy.port = -1
	rule.actions = []
	rule.executors = []
	rule.service.loader.enable = true
	schema.format = null
	schema.reflection = false
	schema.registry.basic.auth.user.info = [hidden]
	schema.registry.ssl.cipher.suites = null
	schema.registry.ssl.enabled.protocols = [TLSv1.2, TLSv1.3]
	schema.registry.ssl.endpoint.identification.algorithm = https
	schema.registry.ssl.engine.factory.class = null
	schema.registry.ssl.key.password = null
	schema.registry.ssl.keymanager.algorithm = SunX509
	schema.registry.ssl.keystore.certificate.chain = null
	schema.registry.ssl.keystore.key = null
	schema.registry.ssl.keystore.location = null
	schema.registry.ssl.keystore.password = null
	schema.registry.ssl.keystore.type = JKS
	schema.registry.ssl.protocol = TLSv1.3
	schema.registry.ssl.provider = null
	schema.registry.ssl.secure.random.implementation = null
	schema.registry.ssl.trustmanager.algorithm = PKIX
	schema.registry.ssl.truststore.certificates = null
	schema.registry.ssl.truststore.location = null
	schema.registry.ssl.truststore.password = null
	schema.registry.ssl.truststore.type = JKS
	schema.registry.url = [http://localhost:8081]
	specific.avro.key.type = null
	specific.avro.reader = true
	specific.avro.value.type = null
	use.latest.version = false
	use.latest.with.metadata = null
	use.schema.id = -1
	value.subject.name.strategy = class io.confluent.kafka.serializers.subject.TopicNameStrategy

2025-03-20T21:29:42.862+01:00  INFO 28294 --- [iot-sensor-data] [           main] i.c.k.s.KafkaAvroDeserializerConfig      : KafkaAvroDeserializerConfig values: 
	auto.register.schemas = true
	avro.reflection.allow.null = false
	avro.use.logical.type.converters = false
	basic.auth.credentials.source = URL
	basic.auth.user.info = [hidden]
	bearer.auth.cache.expiry.buffer.seconds = 300
	bearer.auth.client.id = null
	bearer.auth.client.secret = null
	bearer.auth.credentials.source = STATIC_TOKEN
	bearer.auth.custom.provider.class = null
	bearer.auth.identity.pool.id = null
	bearer.auth.issuer.endpoint.url = null
	bearer.auth.logical.cluster = null
	bearer.auth.scope = null
	bearer.auth.scope.claim.name = scope
	bearer.auth.sub.claim.name = sub
	bearer.auth.token = [hidden]
	context.name.strategy = class io.confluent.kafka.serializers.context.NullContextNameStrategy
	http.connect.timeout.ms = 60000
	http.read.timeout.ms = 60000
	id.compatibility.strict = true
	key.subject.name.strategy = class io.confluent.kafka.serializers.subject.TopicNameStrategy
	latest.cache.size = 1000
	latest.cache.ttl.sec = -1
	latest.compatibility.strict = true
	max.schemas.per.subject = 1000
	normalize.schemas = false
	propagate.schema.tags = false
	proxy.host = 
	proxy.port = -1
	rule.actions = []
	rule.executors = []
	rule.service.loader.enable = true
	schema.format = null
	schema.reflection = false
	schema.registry.basic.auth.user.info = [hidden]
	schema.registry.ssl.cipher.suites = null
	schema.registry.ssl.enabled.protocols = [TLSv1.2, TLSv1.3]
	schema.registry.ssl.endpoint.identification.algorithm = https
	schema.registry.ssl.engine.factory.class = null
	schema.registry.ssl.key.password = null
	schema.registry.ssl.keymanager.algorithm = SunX509
	schema.registry.ssl.keystore.certificate.chain = null
	schema.registry.ssl.keystore.key = null
	schema.registry.ssl.keystore.location = null
	schema.registry.ssl.keystore.password = null
	schema.registry.ssl.keystore.type = JKS
	schema.registry.ssl.protocol = TLSv1.3
	schema.registry.ssl.provider = null
	schema.registry.ssl.secure.random.implementation = null
	schema.registry.ssl.trustmanager.algorithm = PKIX
	schema.registry.ssl.truststore.certificates = null
	schema.registry.ssl.truststore.location = null
	schema.registry.ssl.truststore.password = null
	schema.registry.ssl.truststore.type = JKS
	schema.registry.url = [http://localhost:8081]
	specific.avro.key.type = null
	specific.avro.reader = true
	specific.avro.value.type = null
	use.latest.version = false
	use.latest.with.metadata = null
	use.schema.id = -1
	value.subject.name.strategy = class io.confluent.kafka.serializers.subject.TopicNameStrategy

2025-03-20T21:29:42.862+01:00  INFO 28294 --- [iot-sensor-data] [           main] i.c.k.s.KafkaAvroDeserializerConfig      : KafkaAvroDeserializerConfig values: 
	auto.register.schemas = true
	avro.reflection.allow.null = false
	avro.use.logical.type.converters = false
	basic.auth.credentials.source = URL
	basic.auth.user.info = [hidden]
	bearer.auth.cache.expiry.buffer.seconds = 300
	bearer.auth.client.id = null
	bearer.auth.client.secret = null
	bearer.auth.credentials.source = STATIC_TOKEN
	bearer.auth.custom.provider.class = null
	bearer.auth.identity.pool.id = null
	bearer.auth.issuer.endpoint.url = null
	bearer.auth.logical.cluster = null
	bearer.auth.scope = null
	bearer.auth.scope.claim.name = scope
	bearer.auth.sub.claim.name = sub
	bearer.auth.token = [hidden]
	context.name.strategy = class io.confluent.kafka.serializers.context.NullContextNameStrategy
	http.connect.timeout.ms = 60000
	http.read.timeout.ms = 60000
	id.compatibility.strict = true
	key.subject.name.strategy = class io.confluent.kafka.serializers.subject.TopicNameStrategy
	latest.cache.size = 1000
	latest.cache.ttl.sec = -1
	latest.compatibility.strict = true
	max.schemas.per.subject = 1000
	normalize.schemas = false
	propagate.schema.tags = false
	proxy.host = 
	proxy.port = -1
	rule.actions = []
	rule.executors = []
	rule.service.loader.enable = true
	schema.format = null
	schema.reflection = false
	schema.registry.basic.auth.user.info = [hidden]
	schema.registry.ssl.cipher.suites = null
	schema.registry.ssl.enabled.protocols = [TLSv1.2, TLSv1.3]
	schema.registry.ssl.endpoint.identification.algorithm = https
	schema.registry.ssl.engine.factory.class = null
	schema.registry.ssl.key.password = null
	schema.registry.ssl.keymanager.algorithm = SunX509
	schema.registry.ssl.keystore.certificate.chain = null
	schema.registry.ssl.keystore.key = null
	schema.registry.ssl.keystore.location = null
	schema.registry.ssl.keystore.password = null
	schema.registry.ssl.keystore.type = JKS
	schema.registry.ssl.protocol = TLSv1.3
	schema.registry.ssl.provider = null
	schema.registry.ssl.secure.random.implementation = null
	schema.registry.ssl.trustmanager.algorithm = PKIX
	schema.registry.ssl.truststore.certificates = null
	schema.registry.ssl.truststore.location = null
	schema.registry.ssl.truststore.password = null
	schema.registry.ssl.truststore.type = JKS
	schema.registry.url = [http://localhost:8081]
	specific.avro.key.type = null
	specific.avro.reader = true
	specific.avro.value.type = null
	use.latest.version = false
	use.latest.with.metadata = null
	use.schema.id = -1
	value.subject.name.strategy = class io.confluent.kafka.serializers.subject.TopicNameStrategy

2025-03-20T21:29:42.862+01:00  INFO 28294 --- [iot-sensor-data] [           main] i.c.k.s.KafkaAvroDeserializerConfig      : KafkaAvroDeserializerConfig values: 
	auto.register.schemas = true
	avro.reflection.allow.null = false
	avro.use.logical.type.converters = false
	basic.auth.credentials.source = URL
	basic.auth.user.info = [hidden]
	bearer.auth.cache.expiry.buffer.seconds = 300
	bearer.auth.client.id = null
	bearer.auth.client.secret = null
	bearer.auth.credentials.source = STATIC_TOKEN
	bearer.auth.custom.provider.class = null
	bearer.auth.identity.pool.id = null
	bearer.auth.issuer.endpoint.url = null
	bearer.auth.logical.cluster = null
	bearer.auth.scope = null
	bearer.auth.scope.claim.name = scope
	bearer.auth.sub.claim.name = sub
	bearer.auth.token = [hidden]
	context.name.strategy = class io.confluent.kafka.serializers.context.NullContextNameStrategy
	http.connect.timeout.ms = 60000
	http.read.timeout.ms = 60000
	id.compatibility.strict = true
	key.subject.name.strategy = class io.confluent.kafka.serializers.subject.TopicNameStrategy
	latest.cache.size = 1000
	latest.cache.ttl.sec = -1
	latest.compatibility.strict = true
	max.schemas.per.subject = 1000
	normalize.schemas = false
	propagate.schema.tags = false
	proxy.host = 
	proxy.port = -1
	rule.actions = []
	rule.executors = []
	rule.service.loader.enable = true
	schema.format = null
	schema.reflection = false
	schema.registry.basic.auth.user.info = [hidden]
	schema.registry.ssl.cipher.suites = null
	schema.registry.ssl.enabled.protocols = [TLSv1.2, TLSv1.3]
	schema.registry.ssl.endpoint.identification.algorithm = https
	schema.registry.ssl.engine.factory.class = null
	schema.registry.ssl.key.password = null
	schema.registry.ssl.keymanager.algorithm = SunX509
	schema.registry.ssl.keystore.certificate.chain = null
	schema.registry.ssl.keystore.key = null
	schema.registry.ssl.keystore.location = null
	schema.registry.ssl.keystore.password = null
	schema.registry.ssl.keystore.type = JKS
	schema.registry.ssl.protocol = TLSv1.3
	schema.registry.ssl.provider = null
	schema.registry.ssl.secure.random.implementation = null
	schema.registry.ssl.trustmanager.algorithm = PKIX
	schema.registry.ssl.truststore.certificates = null
	schema.registry.ssl.truststore.location = null
	schema.registry.ssl.truststore.password = null
	schema.registry.ssl.truststore.type = JKS
	schema.registry.url = [http://localhost:8081]
	specific.avro.key.type = null
	specific.avro.reader = true
	specific.avro.value.type = null
	use.latest.version = false
	use.latest.with.metadata = null
	use.schema.id = -1
	value.subject.name.strategy = class io.confluent.kafka.serializers.subject.TopicNameStrategy

2025-03-20T21:29:42.864+01:00  INFO 28294 --- [iot-sensor-data] [           main] o.a.k.clients.consumer.ConsumerConfig    : These configurations '[schema.registry.url, specific.avro.reader]' were supplied but are not used yet.
2025-03-20T21:29:42.864+01:00  INFO 28294 --- [iot-sensor-data] [           main] o.a.kafka.common.utils.AppInfoParser     : Kafka version: 3.7.2
2025-03-20T21:29:42.864+01:00  INFO 28294 --- [iot-sensor-data] [           main] o.a.kafka.common.utils.AppInfoParser     : Kafka commitId: 79a8f2b5f44f9d5a
2025-03-20T21:29:42.864+01:00  INFO 28294 --- [iot-sensor-data] [           main] o.a.kafka.common.utils.AppInfoParser     : Kafka startTimeMs: 1742502582864
2025-03-20T21:29:42.864+01:00  INFO 28294 --- [iot-sensor-data] [           main] o.a.k.c.c.internals.LegacyKafkaConsumer  : [Consumer clientId=consumer-sensor-data.group-3, groupId=sensor-data.group] Subscribed to topic(s): sensor-data
2025-03-20T21:29:42.867+01:00  INFO 28294 --- [iot-sensor-data] [           main] c.r.i.s.d.IotSensorDataApplicationTests  : Started IotSensorDataApplicationTests in 0.478 seconds (process running for 7.012)
]]></system-out>
  </testcase>
</testsuite>